This is pdfTeX, Version 3.14159265-2.6-1.40.17 (TeX Live 2016) (preloaded format=pdflatex 2017.3.28)  23 JAN 2018 11:16
entering extended mode
 restricted \write18 enabled.
 %&-line parsing enabled.
**scRNAseq_clusteringv7.tex
(./scRNAseq_clusteringv7.tex
LaTeX2e <2016/03/31>
Babel <3.9r> and hyphenation patterns for 83 language(s) loaded.
(/usr/local/texlive/2016/texmf-dist/tex/latex/base/article.cls
Document Class: article 2014/09/29 v1.4h Standard LaTeX document class
(/usr/local/texlive/2016/texmf-dist/tex/latex/base/size11.clo
File: size11.clo 2014/09/29 v1.4h Standard LaTeX file (size option)
)
\c@part=\count79
\c@section=\count80
\c@subsection=\count81
\c@subsubsection=\count82
\c@paragraph=\count83
\c@subparagraph=\count84
\c@figure=\count85
\c@table=\count86
\abovecaptionskip=\skip41
\belowcaptionskip=\skip42
\bibindent=\dimen102
)
(/usr/local/texlive/2016/texmf-dist/tex/latex/graphics/graphicx.sty
Package: graphicx 2014/10/28 v1.0g Enhanced LaTeX Graphics (DPC,SPQR)

(/usr/local/texlive/2016/texmf-dist/tex/latex/graphics/keyval.sty
Package: keyval 2014/10/28 v1.15 key=value parser (DPC)
\KV@toks@=\toks14
)
(/usr/local/texlive/2016/texmf-dist/tex/latex/graphics/graphics.sty
Package: graphics 2016/05/09 v1.0r Standard LaTeX Graphics (DPC,SPQR)

(/usr/local/texlive/2016/texmf-dist/tex/latex/graphics/trig.sty
Package: trig 2016/01/03 v1.10 sin cos tan (DPC)
)
(/usr/local/texlive/2016/texmf-dist/tex/latex/graphics-cfg/graphics.cfg
File: graphics.cfg 2016/01/02 v1.10 sample graphics configuration
)
Package graphics Info: Driver file: pdftex.def on input line 96.

(/usr/local/texlive/2016/texmf-dist/tex/latex/pdftex-def/pdftex.def
File: pdftex.def 2011/05/27 v0.06d Graphics/color for pdfTeX

(/usr/local/texlive/2016/texmf-dist/tex/generic/oberdiek/infwarerr.sty
Package: infwarerr 2016/05/16 v1.4 Providing info/warning/error messages (HO)
)
(/usr/local/texlive/2016/texmf-dist/tex/generic/oberdiek/ltxcmds.sty
Package: ltxcmds 2016/05/16 v1.23 LaTeX kernel commands for general use (HO)
)
\Gread@gobject=\count87
))
\Gin@req@height=\dimen103
\Gin@req@width=\dimen104
)
(/usr/local/texlive/2016/texmf-dist/tex/latex/graphics/color.sty
Package: color 2016/05/09 v1.1c Standard LaTeX Color (DPC)

(/usr/local/texlive/2016/texmf-dist/tex/latex/graphics-cfg/color.cfg
File: color.cfg 2016/01/02 v1.6 sample color configuration
)
Package color Info: Driver file: pdftex.def on input line 144.
)
(/usr/local/texlive/2016/texmf-dist/tex/latex/framed/framed.sty
Package: framed 2011/10/22 v 0.96: framed or shaded text with page breaks
\OuterFrameSep=\skip43
\fb@frw=\dimen105
\fb@frh=\dimen106
\FrameRule=\dimen107
\FrameSep=\dimen108
)
(/usr/local/texlive/2016/texmf-dist/tex/latex/base/alltt.sty
Package: alltt 1997/06/16 v2.0g defines alltt environment
)
(/usr/local/texlive/2016/texmf-dist/tex/latex/lipsum/lipsum.sty
Package: lipsum 2014/07/27 v1.3 150 paragraphs of Lorem Ipsum dummy text
\c@lips@count=\count88
)
(/usr/local/texlive/2016/texmf-dist/tex/latex/tools/verbatim.sty
Package: verbatim 2014/10/28 v1.5q LaTeX2e package for verbatim enhancements
\every@verbatim=\toks15
\verbatim@line=\toks16
\verbatim@in@stream=\read1
)
(/usr/local/texlive/2016/texmf-dist/tex/latex/geometry/geometry.sty
Package: geometry 2010/09/12 v5.6 Page Geometry

(/usr/local/texlive/2016/texmf-dist/tex/generic/oberdiek/ifpdf.sty
Package: ifpdf 2016/05/14 v3.1 Provides the ifpdf switch
)
(/usr/local/texlive/2016/texmf-dist/tex/generic/oberdiek/ifvtex.sty
Package: ifvtex 2016/05/16 v1.6 Detect VTeX and its facilities (HO)
Package ifvtex Info: VTeX not detected.
)
(/usr/local/texlive/2016/texmf-dist/tex/generic/ifxetex/ifxetex.sty
Package: ifxetex 2010/09/12 v0.6 Provides ifxetex conditional
)
\Gm@cnth=\count89
\Gm@cntv=\count90
\c@Gm@tempcnt=\count91
\Gm@bindingoffset=\dimen109
\Gm@wd@mp=\dimen110
\Gm@odd@mp=\dimen111
\Gm@even@mp=\dimen112
\Gm@layoutwidth=\dimen113
\Gm@layoutheight=\dimen114
\Gm@layouthoffset=\dimen115
\Gm@layoutvoffset=\dimen116
\Gm@dimlist=\toks17
)
(/usr/local/texlive/2016/texmf-dist/tex/latex/url/url.sty
\Urlmuskip=\muskip10
Package: url 2013/09/16  ver 3.4  Verb mode for urls, etc.
)
(/usr/local/texlive/2016/texmf-dist/tex/latex/hyperref/hyperref.sty
Package: hyperref 2016/05/05 v6.83n Hypertext links for LaTeX

(/usr/local/texlive/2016/texmf-dist/tex/generic/oberdiek/hobsub-hyperref.sty
Package: hobsub-hyperref 2016/05/16 v1.14 Bundle oberdiek, subset hyperref (HO)


(/usr/local/texlive/2016/texmf-dist/tex/generic/oberdiek/hobsub-generic.sty
Package: hobsub-generic 2016/05/16 v1.14 Bundle oberdiek, subset generic (HO)
Package: hobsub 2016/05/16 v1.14 Construct package bundles (HO)
Package hobsub Info: Skipping package `infwarerr' (already loaded).
Package hobsub Info: Skipping package `ltxcmds' (already loaded).
Package: ifluatex 2016/05/16 v1.4 Provides the ifluatex switch (HO)
Package ifluatex Info: LuaTeX not detected.
Package hobsub Info: Skipping package `ifvtex' (already loaded).
Package: intcalc 2016/05/16 v1.2 Expandable calculations with integers (HO)
Package hobsub Info: Skipping package `ifpdf' (already loaded).
Package: etexcmds 2016/05/16 v1.6 Avoid name clashes with e-TeX commands (HO)
Package etexcmds Info: Could not find \expanded.
(etexcmds)             That can mean that you are not using pdfTeX 1.50 or
(etexcmds)             that some package has redefined \expanded.
(etexcmds)             In the latter case, load this package earlier.
Package: kvsetkeys 2016/05/16 v1.17 Key value parser (HO)
Package: kvdefinekeys 2016/05/16 v1.4 Define keys (HO)
Package: pdftexcmds 2016/05/10 v0.21 Utility functions of pdfTeX for LuaTeX (HO
)
Package pdftexcmds Info: LuaTeX not detected.
Package pdftexcmds Info: \pdf@primitive is available.
Package pdftexcmds Info: \pdf@ifprimitive is available.
Package pdftexcmds Info: \pdfdraftmode found.
Package: pdfescape 2016/05/16 v1.14 Implements pdfTeX's escape features (HO)
Package: bigintcalc 2016/05/16 v1.4 Expandable calculations on big integers (HO
)
Package: bitset 2016/05/16 v1.2 Handle bit-vector datatype (HO)
Package: uniquecounter 2016/05/16 v1.3 Provide unlimited unique counter (HO)
)
Package hobsub Info: Skipping package `hobsub' (already loaded).
Package: letltxmacro 2016/05/16 v1.5 Let assignment for LaTeX macros (HO)
Package: hopatch 2016/05/16 v1.3 Wrapper for package hooks (HO)
Package: xcolor-patch 2016/05/16 xcolor patch
Package: atveryend 2016/05/16 v1.9 Hooks at the very end of document (HO)
Package atveryend Info: \enddocument detected (standard20110627).
Package: atbegshi 2016/05/16 v1.17 At begin shipout hook (HO)
Package: refcount 2016/05/16 v3.5 Data extraction from label references (HO)
Package: hycolor 2016/05/16 v1.8 Color options for hyperref/bookmark (HO)
)
(/usr/local/texlive/2016/texmf-dist/tex/latex/oberdiek/auxhook.sty
Package: auxhook 2016/05/16 v1.4 Hooks for auxiliary files (HO)
)
(/usr/local/texlive/2016/texmf-dist/tex/latex/oberdiek/kvoptions.sty
Package: kvoptions 2016/05/16 v3.12 Key value format for package options (HO)
)
\@linkdim=\dimen117
\Hy@linkcounter=\count92
\Hy@pagecounter=\count93

(/usr/local/texlive/2016/texmf-dist/tex/latex/hyperref/pd1enc.def
File: pd1enc.def 2016/05/05 v6.83n Hyperref: PDFDocEncoding definition (HO)
)
\Hy@SavedSpaceFactor=\count94

(/usr/local/texlive/2016/texmf-dist/tex/latex/latexconfig/hyperref.cfg
File: hyperref.cfg 2002/06/06 v1.2 hyperref configuration of TeXLive
)
Package hyperref Info: Hyper figures OFF on input line 4446.
Package hyperref Info: Link nesting OFF on input line 4451.
Package hyperref Info: Hyper index ON on input line 4454.
Package hyperref Info: Plain pages OFF on input line 4461.
Package hyperref Info: Backreferencing OFF on input line 4466.
Package hyperref Info: Implicit mode ON; LaTeX internals redefined.
Package hyperref Info: Bookmarks ON on input line 4691.
\c@Hy@tempcnt=\count95
LaTeX Info: Redefining \url on input line 5044.
\XeTeXLinkMargin=\dimen118
\Fld@menulength=\count96
\Field@Width=\dimen119
\Fld@charsize=\dimen120
Package hyperref Info: Hyper figures OFF on input line 6298.
Package hyperref Info: Link nesting OFF on input line 6303.
Package hyperref Info: Hyper index ON on input line 6306.
Package hyperref Info: backreferencing OFF on input line 6313.
Package hyperref Info: Link coloring OFF on input line 6318.
Package hyperref Info: Link coloring with OCG OFF on input line 6323.
Package hyperref Info: PDF/A mode OFF on input line 6328.
LaTeX Info: Redefining \ref on input line 6368.
LaTeX Info: Redefining \pageref on input line 6372.
\Hy@abspage=\count97
\c@Item=\count98
\c@Hfootnote=\count99
)

Package hyperref Message: Driver (autodetected): hpdftex.

(/usr/local/texlive/2016/texmf-dist/tex/latex/hyperref/hpdftex.def
File: hpdftex.def 2016/05/05 v6.83n Hyperref driver for pdfTeX
\Fld@listcount=\count100
\c@bookmark@seq@number=\count101

(/usr/local/texlive/2016/texmf-dist/tex/latex/oberdiek/rerunfilecheck.sty
Package: rerunfilecheck 2016/05/16 v1.8 Rerun checks for auxiliary files (HO)
Package uniquecounter Info: New unique counter `rerunfilecheck' on input line 2
82.
)
\Hy@SectionHShift=\skip44
)
(/usr/local/texlive/2016/texmf-dist/tex/latex/fancyhdr/fancyhdr.sty
\fancy@headwidth=\skip45
\f@ncyO@elh=\skip46
\f@ncyO@erh=\skip47
\f@ncyO@olh=\skip48
\f@ncyO@orh=\skip49
\f@ncyO@elf=\skip50
\f@ncyO@erf=\skip51
\f@ncyO@olf=\skip52
\f@ncyO@orf=\skip53
)
(/usr/local/texlive/2016/texmf-dist/tex/latex/amsmath/amsmath.sty
Package: amsmath 2016/03/10 v2.15b AMS math features
\@mathmargin=\skip54

For additional information on amsmath, use the `?' option.
(/usr/local/texlive/2016/texmf-dist/tex/latex/amsmath/amstext.sty
Package: amstext 2000/06/29 v2.01 AMS text

(/usr/local/texlive/2016/texmf-dist/tex/latex/amsmath/amsgen.sty
File: amsgen.sty 1999/11/30 v2.0 generic functions
\@emptytoks=\toks18
\ex@=\dimen121
))
(/usr/local/texlive/2016/texmf-dist/tex/latex/amsmath/amsbsy.sty
Package: amsbsy 1999/11/29 v1.2d Bold Symbols
\pmbraise@=\dimen122
)
(/usr/local/texlive/2016/texmf-dist/tex/latex/amsmath/amsopn.sty
Package: amsopn 2016/03/08 v2.02 operator names
)
\inf@bad=\count102
LaTeX Info: Redefining \frac on input line 199.
\uproot@=\count103
\leftroot@=\count104
LaTeX Info: Redefining \overline on input line 297.
\classnum@=\count105
\DOTSCASE@=\count106
LaTeX Info: Redefining \ldots on input line 394.
LaTeX Info: Redefining \dots on input line 397.
LaTeX Info: Redefining \cdots on input line 518.
\Mathstrutbox@=\box26
\strutbox@=\box27
\big@size=\dimen123
LaTeX Font Info:    Redeclaring font encoding OML on input line 634.
LaTeX Font Info:    Redeclaring font encoding OMS on input line 635.
\macc@depth=\count107
\c@MaxMatrixCols=\count108
\dotsspace@=\muskip11
\c@parentequation=\count109
\dspbrk@lvl=\count110
\tag@help=\toks19
\row@=\count111
\column@=\count112
\maxfields@=\count113
\andhelp@=\toks20
\eqnshift@=\dimen124
\alignsep@=\dimen125
\tagshift@=\dimen126
\tagwidth@=\dimen127
\totwidth@=\dimen128
\lineht@=\dimen129
\@envbody=\toks21
\multlinegap=\skip55
\multlinetaggap=\skip56
\mathdisplay@stack=\toks22
LaTeX Info: Redefining \[ on input line 2739.
LaTeX Info: Redefining \] on input line 2740.
)
(/usr/local/texlive/2016/texmf-dist/tex/latex/amsfonts/amssymb.sty
Package: amssymb 2013/01/14 v3.01 AMS font symbols

(/usr/local/texlive/2016/texmf-dist/tex/latex/amsfonts/amsfonts.sty
Package: amsfonts 2013/01/14 v3.01 Basic AMSFonts support
\symAMSa=\mathgroup4
\symAMSb=\mathgroup5
LaTeX Font Info:    Overwriting math alphabet `\mathfrak' in version `bold'
(Font)                  U/euf/m/n --> U/euf/b/n on input line 106.
))
(/usr/local/texlive/2016/texmf-dist/tex/latex/tools/longtable.sty
Package: longtable 2014/10/28 v4.11 Multi-page Table package (DPC)
\LTleft=\skip57
\LTright=\skip58
\LTpre=\skip59
\LTpost=\skip60
\LTchunksize=\count114
\LTcapwidth=\dimen130
\LT@head=\box28
\LT@firsthead=\box29
\LT@foot=\box30
\LT@lastfoot=\box31
\LT@cols=\count115
\LT@rows=\count116
\c@LT@tables=\count117
\c@LT@chunks=\count118
\LT@p@ftn=\toks23
)
(/usr/local/texlive/2016/texmf-dist/tex/latex/graphics/lscape.sty
Package: lscape 2000/10/22 v3.01 Landscape Pages (DPC)
)
(/usr/local/texlive/2016/texmf-dist/tex/latex/natbib/natbib.sty
Package: natbib 2010/09/13 8.31b (PWD, AO)
\bibhang=\skip61
\bibsep=\skip62
LaTeX Info: Redefining \cite on input line 694.
\c@NAT@ctr=\count119
)
(/usr/local/texlive/2016/texmf-dist/tex/latex/tools/xspace.sty
Package: xspace 2014/10/28 v1.13 Space after command names (DPC,MH)
)
(/usr/local/texlive/2016/texmf-dist/tex/latex/base/textcomp.sty
Package: textcomp 2005/09/27 v1.99g Standard LaTeX package
Package textcomp Info: Sub-encoding information:
(textcomp)               5 = only ISO-Adobe without \textcurrency
(textcomp)               4 = 5 + \texteuro
(textcomp)               3 = 4 + \textohm
(textcomp)               2 = 3 + \textestimated + \textcurrency
(textcomp)               1 = TS1 - \textcircled - \t
(textcomp)               0 = TS1 (full)
(textcomp)             Font families with sub-encoding setting implement
(textcomp)             only a restricted character set as indicated.
(textcomp)             Family '?' is the default used for unknown fonts.
(textcomp)             See the documentation for details.
Package textcomp Info: Setting ? sub-encoding to TS1/1 on input line 79.

(/usr/local/texlive/2016/texmf-dist/tex/latex/base/ts1enc.def
File: ts1enc.def 2001/06/05 v3.0e (jk/car/fm) Standard LaTeX file
)
LaTeX Info: Redefining \oldstylenums on input line 334.
Package textcomp Info: Setting cmr sub-encoding to TS1/0 on input line 349.
Package textcomp Info: Setting cmss sub-encoding to TS1/0 on input line 350.
Package textcomp Info: Setting cmtt sub-encoding to TS1/0 on input line 351.
Package textcomp Info: Setting cmvtt sub-encoding to TS1/0 on input line 352.
Package textcomp Info: Setting cmbr sub-encoding to TS1/0 on input line 353.
Package textcomp Info: Setting cmtl sub-encoding to TS1/0 on input line 354.
Package textcomp Info: Setting ccr sub-encoding to TS1/0 on input line 355.
Package textcomp Info: Setting ptm sub-encoding to TS1/4 on input line 356.
Package textcomp Info: Setting pcr sub-encoding to TS1/4 on input line 357.
Package textcomp Info: Setting phv sub-encoding to TS1/4 on input line 358.
Package textcomp Info: Setting ppl sub-encoding to TS1/3 on input line 359.
Package textcomp Info: Setting pag sub-encoding to TS1/4 on input line 360.
Package textcomp Info: Setting pbk sub-encoding to TS1/4 on input line 361.
Package textcomp Info: Setting pnc sub-encoding to TS1/4 on input line 362.
Package textcomp Info: Setting pzc sub-encoding to TS1/4 on input line 363.
Package textcomp Info: Setting bch sub-encoding to TS1/4 on input line 364.
Package textcomp Info: Setting put sub-encoding to TS1/5 on input line 365.
Package textcomp Info: Setting uag sub-encoding to TS1/5 on input line 366.
Package textcomp Info: Setting ugq sub-encoding to TS1/5 on input line 367.
Package textcomp Info: Setting ul8 sub-encoding to TS1/4 on input line 368.
Package textcomp Info: Setting ul9 sub-encoding to TS1/4 on input line 369.
Package textcomp Info: Setting augie sub-encoding to TS1/5 on input line 370.
Package textcomp Info: Setting dayrom sub-encoding to TS1/3 on input line 371.
Package textcomp Info: Setting dayroms sub-encoding to TS1/3 on input line 372.

Package textcomp Info: Setting pxr sub-encoding to TS1/0 on input line 373.
Package textcomp Info: Setting pxss sub-encoding to TS1/0 on input line 374.
Package textcomp Info: Setting pxtt sub-encoding to TS1/0 on input line 375.
Package textcomp Info: Setting txr sub-encoding to TS1/0 on input line 376.
Package textcomp Info: Setting txss sub-encoding to TS1/0 on input line 377.
Package textcomp Info: Setting txtt sub-encoding to TS1/0 on input line 378.
Package textcomp Info: Setting lmr sub-encoding to TS1/0 on input line 379.
Package textcomp Info: Setting lmdh sub-encoding to TS1/0 on input line 380.
Package textcomp Info: Setting lmss sub-encoding to TS1/0 on input line 381.
Package textcomp Info: Setting lmssq sub-encoding to TS1/0 on input line 382.
Package textcomp Info: Setting lmvtt sub-encoding to TS1/0 on input line 383.
Package textcomp Info: Setting lmtt sub-encoding to TS1/0 on input line 384.
Package textcomp Info: Setting qhv sub-encoding to TS1/0 on input line 385.
Package textcomp Info: Setting qag sub-encoding to TS1/0 on input line 386.
Package textcomp Info: Setting qbk sub-encoding to TS1/0 on input line 387.
Package textcomp Info: Setting qcr sub-encoding to TS1/0 on input line 388.
Package textcomp Info: Setting qcs sub-encoding to TS1/0 on input line 389.
Package textcomp Info: Setting qpl sub-encoding to TS1/0 on input line 390.
Package textcomp Info: Setting qtm sub-encoding to TS1/0 on input line 391.
Package textcomp Info: Setting qzc sub-encoding to TS1/0 on input line 392.
Package textcomp Info: Setting qhvc sub-encoding to TS1/0 on input line 393.
Package textcomp Info: Setting futs sub-encoding to TS1/4 on input line 394.
Package textcomp Info: Setting futx sub-encoding to TS1/4 on input line 395.
Package textcomp Info: Setting futj sub-encoding to TS1/4 on input line 396.
Package textcomp Info: Setting hlh sub-encoding to TS1/3 on input line 397.
Package textcomp Info: Setting hls sub-encoding to TS1/3 on input line 398.
Package textcomp Info: Setting hlst sub-encoding to TS1/3 on input line 399.
Package textcomp Info: Setting hlct sub-encoding to TS1/5 on input line 400.
Package textcomp Info: Setting hlx sub-encoding to TS1/5 on input line 401.
Package textcomp Info: Setting hlce sub-encoding to TS1/5 on input line 402.
Package textcomp Info: Setting hlcn sub-encoding to TS1/5 on input line 403.
Package textcomp Info: Setting hlcw sub-encoding to TS1/5 on input line 404.
Package textcomp Info: Setting hlcf sub-encoding to TS1/5 on input line 405.
Package textcomp Info: Setting pplx sub-encoding to TS1/3 on input line 406.
Package textcomp Info: Setting pplj sub-encoding to TS1/3 on input line 407.
Package textcomp Info: Setting ptmx sub-encoding to TS1/4 on input line 408.
Package textcomp Info: Setting ptmj sub-encoding to TS1/4 on input line 409.
)
(/usr/local/texlive/2016/texmf-dist/tex/latex/float/float.sty
Package: float 2001/11/08 v1.3d Float enhancements (AL)
\c@float@type=\count120
\float@exts=\toks24
\float@box=\box32
\@float@everytoks=\toks25
\@floatcapt=\box33
)
(/usr/local/texlive/2016/texmf-dist/tex/latex/booktabs/booktabs.sty
Package: booktabs 2016/04/27 v1.618033 publication quality tables
\heavyrulewidth=\dimen131
\lightrulewidth=\dimen132
\cmidrulewidth=\dimen133
\belowrulesep=\dimen134
\belowbottomsep=\dimen135
\aboverulesep=\dimen136
\abovetopsep=\dimen137
\cmidrulesep=\dimen138
\cmidrulekern=\dimen139
\defaultaddspace=\dimen140
\@cmidla=\count121
\@cmidlb=\count122
\@aboverulesep=\dimen141
\@belowrulesep=\dimen142
\@thisruleclass=\count123
\@lastruleclass=\count124
\@thisrulewidth=\dimen143
)
(/usr/local/texlive/2016/texmf-dist/tex/latex/caption/subcaption.sty
Package: subcaption 2016/02/20 v1.1-142 Sub-captions (AR)

(/usr/local/texlive/2016/texmf-dist/tex/latex/caption/caption.sty
Package: caption 2016/02/21 v3.3-144 Customizing captions (AR)

(/usr/local/texlive/2016/texmf-dist/tex/latex/caption/caption3.sty
Package: caption3 2016/02/04 v1.7-139 caption3 kernel (AR)
Package caption3 Info: TeX engine: e-TeX on input line 67.
\captionmargin=\dimen144
\captionmargin@=\dimen145
\captionwidth=\dimen146
\caption@tempdima=\dimen147
\caption@indent=\dimen148
\caption@parindent=\dimen149
\caption@hangindent=\dimen150
)
\c@ContinuedFloat=\count125
Package caption Info: float package is loaded.
Package caption Info: hyperref package is loaded.
Package caption Info: longtable package is loaded.

(/usr/local/texlive/2016/texmf-dist/tex/latex/caption/ltcaption.sty
Package: ltcaption 2013/06/09 v1.4-94 longtable captions (AR)
))
\c@subfigure=\count126
\c@subtable=\count127
)
(/usr/local/texlive/2016/texmf-dist/tex/latex/psnfss/helvet.sty
Package: helvet 2005/04/12 PSNFSS-v9.2a (WaS) 
)
(/usr/local/texlive/2016/texmf-dist/tex/latex/upquote/upquote.sty
Package: upquote 2012/04/19 v1.3 upright-quote and grave-accent glyphs in verba
tim
)
(./scRNAseq_clusteringv7.aux

LaTeX Warning: Label `fig:f1pointunf' multiply defined.


LaTeX Warning: Label `fig:f1pointunf' multiply defined.


LaTeX Warning: Label `fig:simDataKumar' multiply defined.

)
\openout1 = `scRNAseq_clusteringv7.aux'.

LaTeX Font Info:    Checking defaults for OML/cmm/m/it on input line 89.
LaTeX Font Info:    ... okay on input line 89.
LaTeX Font Info:    Checking defaults for T1/cmr/m/n on input line 89.
LaTeX Font Info:    ... okay on input line 89.
LaTeX Font Info:    Checking defaults for OT1/cmr/m/n on input line 89.
LaTeX Font Info:    ... okay on input line 89.
LaTeX Font Info:    Checking defaults for OMS/cmsy/m/n on input line 89.
LaTeX Font Info:    ... okay on input line 89.
LaTeX Font Info:    Checking defaults for OMX/cmex/m/n on input line 89.
LaTeX Font Info:    ... okay on input line 89.
LaTeX Font Info:    Checking defaults for U/cmr/m/n on input line 89.
LaTeX Font Info:    ... okay on input line 89.
LaTeX Font Info:    Checking defaults for PD1/pdf/m/n on input line 89.
LaTeX Font Info:    ... okay on input line 89.
LaTeX Font Info:    Checking defaults for TS1/cmr/m/n on input line 89.
LaTeX Font Info:    Try loading font information for TS1+cmr on input line 89.
 (/usr/local/texlive/2016/texmf-dist/tex/latex/base/ts1cmr.fd
File: ts1cmr.fd 2014/09/29 v2.5h Standard LaTeX font definitions
)
LaTeX Font Info:    ... okay on input line 89.

(/usr/local/texlive/2016/texmf-dist/tex/context/base/mkii/supp-pdf.mkii
[Loading MPS to PDF converter (version 2006.09.02).]
\scratchcounter=\count128
\scratchdimen=\dimen151
\scratchbox=\box34
\nofMPsegments=\count129
\nofMParguments=\count130
\everyMPshowfont=\toks26
\MPscratchCnt=\count131
\MPscratchDim=\dimen152
\MPnumerator=\count132
\makeMPintoPDFobject=\count133
\everyMPtoPDFconversion=\toks27
) (/usr/local/texlive/2016/texmf-dist/tex/latex/oberdiek/epstopdf-base.sty
Package: epstopdf-base 2016/05/15 v2.6 Base part for package epstopdf

(/usr/local/texlive/2016/texmf-dist/tex/latex/oberdiek/grfext.sty
Package: grfext 2016/05/16 v1.2 Manage graphics extensions (HO)
)
Package grfext Info: Graphics extension search list:
(grfext)             [.png,.pdf,.jpg,.mps,.jpeg,.jbig2,.jb2,.PNG,.PDF,.JPG,.JPE
G,.JBIG2,.JB2,.eps]
(grfext)             \AppendGraphicsExtensions on input line 456.

(/usr/local/texlive/2016/texmf-dist/tex/latex/latexconfig/epstopdf-sys.cfg
File: epstopdf-sys.cfg 2010/07/13 v1.3 Configuration of (r)epstopdf for TeX Liv
e
))
*geometry* driver: auto-detecting
*geometry* detected driver: pdftex
*geometry* verbose mode - [ preamble ] result:
* driver: pdftex
* paper: a4paper
* layout: <same size as paper>
* layoutoffset:(h,v)=(0.0pt,0.0pt)
* modes: 
* h-part:(L,W,R)=(71.13188pt, 455.24411pt, 71.13188pt)
* v-part:(T,H,B)=(102.42992pt, 674.33032pt, 68.2866pt)
* \paperwidth=597.50787pt
* \paperheight=845.04684pt
* \textwidth=455.24411pt
* \textheight=674.33032pt
* \oddsidemargin=-1.1381pt
* \evensidemargin=-1.1381pt
* \topmargin=-55.81723pt
* \headheight=12.0pt
* \headsep=73.97716pt
* \topskip=11.0pt
* \footskip=42.67912pt
* \marginparwidth=50.0pt
* \marginparsep=10.0pt
* \columnsep=10.0pt
* \skip\footins=10.0pt plus 4.0pt minus 2.0pt
* \hoffset=0.0pt
* \voffset=0.0pt
* \mag=1000
* \@twocolumnfalse
* \@twosidefalse
* \@mparswitchfalse
* \@reversemarginfalse
* (1in=72.27pt=25.4mm, 1cm=28.453pt)

\AtBeginShipoutBox=\box35
Package hyperref Info: Link coloring OFF on input line 89.
(/usr/local/texlive/2016/texmf-dist/tex/latex/hyperref/nameref.sty
Package: nameref 2012/10/27 v2.43 Cross-referencing by name of section

(/usr/local/texlive/2016/texmf-dist/tex/generic/oberdiek/gettitlestring.sty
Package: gettitlestring 2016/05/16 v1.5 Cleanup title references (HO)
)
\c@section@level=\count134
)
LaTeX Info: Redefining \ref on input line 89.
LaTeX Info: Redefining \pageref on input line 89.
LaTeX Info: Redefining \nameref on input line 89.

(./scRNAseq_clusteringv7.out) (./scRNAseq_clusteringv7.out)
\@outlinefile=\write3
\openout3 = `scRNAseq_clusteringv7.out'.

Package caption Info: Begin \AtBeginDocument code.
Package caption Info: End \AtBeginDocument code.
 [0

{/usr/local/texlive/2016/texmf-var/fonts/map/pdftex/updmap/pdftex.map}] [1

]
(./scRNAseq_clusteringv7.toc
LaTeX Font Info:    Try loading font information for U+msa on input line 3.

(/usr/local/texlive/2016/texmf-dist/tex/latex/amsfonts/umsa.fd
File: umsa.fd 2013/01/14 v3.01 AMS symbols A
)
LaTeX Font Info:    Try loading font information for U+msb on input line 3.

(/usr/local/texlive/2016/texmf-dist/tex/latex/amsfonts/umsb.fd
File: umsb.fd 2013/01/14 v3.01 AMS symbols B
))
\tf@toc=\write4
\openout4 = `scRNAseq_clusteringv7.toc'.

 [2] [3]
</Users/angeloduo/Desktop/masterarbeit/scRNAseq_clustering_comparison/report/fi
gures/RNA-Seq_workflow.pdf, id=161, 845.04686pt x 597.50786pt>
File: /Users/angeloduo/Desktop/masterarbeit/scRNAseq_clustering_comparison/repo
rt/figures/RNA-Seq_workflow.pdf Graphic file (type pdf)

<use /Users/angeloduo/Desktop/masterarbeit/scRNAseq_clustering_comparison/repor
t/figures/RNA-Seq_workflow.pdf>
Package pdftex.def Info: /Users/angeloduo/Desktop/masterarbeit/scRNAseq_cluster
ing_comparison/report/figures/RNA-Seq_workflow.pdf used on input line 162.
(pdftex.def)             Requested size: 361.34999pt x 255.50108pt.
 [4 </Users/angeloduo/Desktop/masterarbeit/scRNAseq_clustering_comparison/repor
t/figures/RNA-Seq_workflow.pdf>]
Underfull \hbox (badness 10000) in paragraph at lines 207--207
[]\OT1/cmr/bx/n/10.95 dimension re-
 []


Overfull \hbox (6.41129pt too wide) in paragraph at lines 207--207
[]\OT1/cmr/bx/n/10.95 tSNEkmeans| 
 []


Underfull \hbox (badness 10000) in paragraph at lines 207--207
[]\OT1/cmr/m/n/10.95 tSNE di-men-sion re-duc-tion
 []


Underfull \hbox (badness 1117) in paragraph at lines 207--207
\OT1/cmr/m/n/10.95 merg-ing of clus-ter by joint
 []


Underfull \hbox (badness 6658) in paragraph at lines 207--207
\OT1/cmr/m/n/10.95 probabil-ities and re-duc-ing
 []


Underfull \hbox (badness 10000) in paragraph at lines 207--207
[]\OT1/cmr/m/n/10.95 kmeans,
 []


Underfull \hbox (badness 10000) in paragraph at lines 207--207
\OT1/cmr/m/n/10.95 hi-er-ar-chi-cal
 []


Underfull \hbox (badness 1917) in paragraph at lines 207--207
\OT1/cmr/m/n/10.95 Lapla-cian graph. Kmeans
 []


Underfull \hbox (badness 10000) in paragraph at lines 207--207
[]\OT1/cmr/m/n/10.95 repeated
 []


Underfull \hbox (badness 10000) in paragraph at lines 207--207
\OT1/cmr/m/n/10.95 kmeans,
 []


Underfull \hbox (badness 10000) in paragraph at lines 207--207
\OT1/cmr/m/n/10.95 hi-er-ar-chi-cal
 []


Underfull \hbox (badness 10000) in paragraph at lines 207--207
\OT1/cmr/m/n/10.95 clus-ter-ing
 []


Underfull \hbox (badness 10000) in paragraph at lines 207--207
\OT1/cmr/m/n/10.95 ma-trix of
 []


Underfull \hbox (badness 10000) in paragraph at lines 207--207
[]\OT1/cmr/m/n/10.95 merging of
 []


Underfull \hbox (badness 10000) in paragraph at lines 207--207
[]\OT1/cmr/m/n/10.95 density
 []


Underfull \hbox (badness 7759) in paragraph at lines 207--207
\OT1/cmr/m/n/10.95 based clus-
 []


Underfull \hbox (badness 10000) in paragraph at lines 207--207
[]\OT1/cmr/m/n/10.95 PCA di-men-sion re-duc-tion
 []


Underfull \hbox (badness 10000) in paragraph at lines 207--207
\OT1/cmr/m/n/10.95 based on zero im-puted
 []


Underfull \hbox (badness 10000) in paragraph at lines 207--207
\OT1/cmr/m/n/10.95 sim-i-lar-i-ties. Hi-er-ar-chi-cal
 []


Underfull \hbox (badness 2529) in paragraph at lines 207--207
\OT1/cmr/m/n/10.95 de-ter-mined by vari-a-tion of
 []


Underfull \hbox (badness 10000) in paragraph at lines 207--207
[]\OT1/cmr/m/n/10.95 hierarchical
 []


Underfull \hbox (badness 1817) in paragraph at lines 207--207
[]\OT1/cmr/m/n/10.95 Normalisation us-ing a sub-
 []


Underfull \hbox (badness 5504) in paragraph at lines 207--207
\OT1/cmr/m/n/10.95 set of genes and clus-ter-
 []

[5

] [6] [7] [8]

LaTeX Warning: Reference `butler2017integrated' on page 9 undefined on input li
ne 252.

[9]
</Users/angeloduo/Desktop/masterarbeit/scRNAseq_clustering_comparison/results/Q
C_data/plot_data_tsne.pdf, id=1578, 939.51pt x 578.16pt>
File: /Users/angeloduo/Desktop/masterarbeit/scRNAseq_clustering_comparison/resu
lts/QC_data/plot_data_tsne.pdf Graphic file (type pdf)

<use /Users/angeloduo/Desktop/masterarbeit/scRNAseq_clustering_comparison/resul
ts/QC_data/plot_data_tsne.pdf>
Package pdftex.def Info: /Users/angeloduo/Desktop/masterarbeit/scRNAseq_cluster
ing_comparison/results/QC_data/plot_data_tsne.pdf used on input line 259.
(pdftex.def)             Requested size: 505.89pt x 311.31073pt.

Overfull \hbox (50.64589pt too wide) in paragraph at lines 259--260
 [] 
 []


LaTeX Warning: Reference `(' on page 10 undefined on input line 266.


LaTeX Warning: Reference `tab:data' on page 10 undefined on input line 266.


Overfull \hbox (16.95027pt too wide) in paragraph at lines 265--267
\OT1/cmr/m/n/10.95 10xChromium repos-i-tory: []$\OT1/cmtt/m/n/10.95 https : / /
 support . 10xgenomics . com / single-[]cell-[]gene-[]expression /
 []

Missing character: There is no Ë in font cmr10!
Missing character: There is no œ in font cmr10!
[10 </Users/angeloduo/Desktop/masterarbeit/scRNAseq_clustering_comparison/resul
ts/QC_data/plot_data_tsne.pdf>]
Missing character: There is no Î in font cmr10!
Missing character: There is no ± in font cmr10!

</Users/angeloduo/Desktop/masterarbeit/scRNAseq_clustering_comparison/results/Q
C_data/comparison_panel.png, id=1618, 5299.8pt x 8431.5pt>
File: /Users/angeloduo/Desktop/masterarbeit/scRNAseq_clustering_comparison/resu
lts/QC_data/comparison_panel.png Graphic file (type png)

<use /Users/angeloduo/Desktop/masterarbeit/scRNAseq_clustering_comparison/resul
ts/QC_data/comparison_panel.png>
Package pdftex.def Info: /Users/angeloduo/Desktop/masterarbeit/scRNAseq_cluster
ing_comparison/results/QC_data/comparison_panel.png used on input line 282.
(pdftex.def)             Requested size: 361.34999pt x 574.82681pt.


LaTeX Warning: `!h' float specifier changed to `!ht'.


Overfull \hbox (43.28937pt too wide) in paragraph at lines 291--303
 [][] 
 []


</Users/angeloduo/Desktop/masterarbeit/scRNAseq_clustering_comparison/results/Q
C_data/meanvarplots_kumar2015.pdf, id=1620, 505.89pt x 505.89pt>
File: /Users/angeloduo/Desktop/masterarbeit/scRNAseq_clustering_comparison/resu
lts/QC_data/meanvarplots_kumar2015.pdf Graphic file (type pdf)

<use /Users/angeloduo/Desktop/masterarbeit/scRNAseq_clustering_comparison/resul
ts/QC_data/meanvarplots_kumar2015.pdf>
Package pdftex.def Info: /Users/angeloduo/Desktop/masterarbeit/scRNAseq_cluster
ing_comparison/results/QC_data/meanvarplots_kumar2015.pdf used on input line 31
3.
(pdftex.def)             Requested size: 227.62206pt x 227.62523pt.

</Users/angeloduo/Desktop/masterarbeit/scRNAseq_clustering_comparison/results/Q
C_data/meanvarplots_koh2016.pdf, id=1621, 505.89pt x 505.89pt>
File: /Users/angeloduo/Desktop/masterarbeit/scRNAseq_clustering_comparison/resu
lts/QC_data/meanvarplots_koh2016.pdf Graphic file (type pdf)

<use /Users/angeloduo/Desktop/masterarbeit/scRNAseq_clustering_comparison/resul
ts/QC_data/meanvarplots_koh2016.pdf>
Package pdftex.def Info: /Users/angeloduo/Desktop/masterarbeit/scRNAseq_cluster
ing_comparison/results/QC_data/meanvarplots_koh2016.pdf used on input line 319.

(pdftex.def)             Requested size: 227.62206pt x 227.62523pt.

</Users/angeloduo/Desktop/masterarbeit/scRNAseq_clustering_comparison/results/Q
C_data/meanvarplots_trapnell2014.pdf, id=1622, 505.89pt x 505.89pt>
File: /Users/angeloduo/Desktop/masterarbeit/scRNAseq_clustering_comparison/resu
lts/QC_data/meanvarplots_trapnell2014.pdf Graphic file (type pdf)

<use /Users/angeloduo/Desktop/masterarbeit/scRNAseq_clustering_comparison/resul
ts/QC_data/meanvarplots_trapnell2014.pdf>
Package pdftex.def Info: /Users/angeloduo/Desktop/masterarbeit/scRNAseq_cluster
ing_comparison/results/QC_data/meanvarplots_trapnell2014.pdf used on input line
 325.
(pdftex.def)             Requested size: 227.62206pt x 227.62523pt.

</Users/angeloduo/Desktop/masterarbeit/scRNAseq_clustering_comparison/results/Q
C_data/meanvarplots_zhengmix2016.pdf, id=1623, 505.89pt x 505.89pt>
File: /Users/angeloduo/Desktop/masterarbeit/scRNAseq_clustering_comparison/resu
lts/QC_data/meanvarplots_zhengmix2016.pdf Graphic file (type pdf)

<use /Users/angeloduo/Desktop/masterarbeit/scRNAseq_clustering_comparison/resul
ts/QC_data/meanvarplots_zhengmix2016.pdf>
Package pdftex.def Info: /Users/angeloduo/Desktop/masterarbeit/scRNAseq_cluster
ing_comparison/results/QC_data/meanvarplots_zhengmix2016.pdf used on input line
 331.
(pdftex.def)             Requested size: 227.62206pt x 227.62523pt.
 [11]
Overfull \hbox (5.72926pt too wide) in paragraph at lines 342--344
 []\OT1/cmr/bx/n/10.95 Data trans-for-ma-tion[] \OT1/cmr/m/n/10.95 RNA-seq data
 may suf-fer from het-eroscedas-tic-ity and skew-ness ([]Zwiener
 []

[12 </Users/angeloduo/Desktop/masterarbeit/scRNAseq_clustering_comparison/resul
ts/QC_data/comparison_panel.png>] [13 </Users/angeloduo/Desktop/masterarbeit/sc
RNAseq_clustering_comparison/results/QC_data/meanvarplots_kumar2015.pdf> </User
s/angeloduo/Desktop/masterarbeit/scRNAseq_clustering_comparison/results/QC_data
/meanvarplots_koh2016.pdf> </Users/angeloduo/Desktop/masterarbeit/scRNAseq_clus
tering_comparison/results/QC_data/meanvarplots_trapnell2014.pdf> </Users/angelo
duo/Desktop/masterarbeit/scRNAseq_clustering_comparison/results/QC_data/meanvar
plots_zhengmix2016.pdf>] [14]

LaTeX Warning: Reference `fig:transkumar' on page 15 undefined on input line 38
4.

[15] [16]
Overfull \hbox (49.35469pt too wide) in paragraph at lines 450--450
[]\OT1/cmr/bx/n/10.95 minNonZeroPortion| 
 []


Overfull \hbox (15.22655pt too wide) in paragraph at lines 450--450
[]\OT1/cmr/m/n/10.95 0.75,0.75,0.1,0.75,0.75,0.75| 
 []


Overfull \hbox (27.05243pt too wide) in paragraph at lines 450--450
[]\OT1/cmr/m/n/10.95 0.75,0.75,0.1,0.75,0.75,0.75| 
 []


Overfull \hbox (18.8399pt too wide) in paragraph at lines 450--450
[]\OT1/cmr/m/n/10.95 0.75,0.75,0.1,0.75,0.75,0.75| 
 []


Overfull \hbox (6.61465pt too wide) in paragraph at lines 450--450
[]\OT1/cmr/bx/n/10.95 BE[]strength| 
 []


Overfull \hbox (33.0234pt too wide) in paragraph at lines 450--450
[]\OT1/cmr/bx/n/10.95 pct[]dropout[]max| 
 []


Overfull \hbox (30.17831pt too wide) in paragraph at lines 450--450
[]\OT1/cmr/bx/n/10.95 minexpr[]percent| 
 []

[17] [18] [19]
Overfull \hbox (16.18819pt too wide) in paragraph at lines 520--538
 [][] 
 []

[20] [21]
</Users/angeloduo/Desktop/masterarbeit/scRNAseq_clustering_comparison/results/p
lots/plot_ari_all.pdf, id=1798, 939.51pt x 578.16pt>
File: /Users/angeloduo/Desktop/masterarbeit/scRNAseq_clustering_comparison/resu
lts/plots/plot_ari_all.pdf Graphic file (type pdf)

<use /Users/angeloduo/Desktop/masterarbeit/scRNAseq_clustering_comparison/resul
ts/plots/plot_ari_all.pdf>
Package pdftex.def Info: /Users/angeloduo/Desktop/masterarbeit/scRNAseq_cluster
ing_comparison/results/plots/plot_ari_all.pdf used on input line 559.
(pdftex.def)             Requested size: 505.89pt x 311.31073pt.

Overfull \hbox (50.64589pt too wide) in paragraph at lines 559--560
[][] 
 []


</Users/angeloduo/Desktop/masterarbeit/scRNAseq_clustering_comparison/results/p
lots/plot_ari_diff_maxscore_all.pdf, id=1799, 939.51pt x 578.16pt>
File: /Users/angeloduo/Desktop/masterarbeit/scRNAseq_clustering_comparison/resu
lts/plots/plot_ari_diff_maxscore_all.pdf Graphic file (type pdf)

<use /Users/angeloduo/Desktop/masterarbeit/scRNAseq_clustering_comparison/resul
ts/plots/plot_ari_diff_maxscore_all.pdf>
Package pdftex.def Info: /Users/angeloduo/Desktop/masterarbeit/scRNAseq_cluster
ing_comparison/results/plots/plot_ari_diff_maxscore_all.pdf used on input line 
566.
(pdftex.def)             Requested size: 505.89pt x 311.31073pt.

Overfull \hbox (50.64589pt too wide) in paragraph at lines 566--567
[][] 
 []


LaTeX Warning: `!h' float specifier changed to `!ht'.


</Users/angeloduo/Desktop/masterarbeit/scRNAseq_clustering_comparison/results/p
lots/plot_radar_default.pdf, id=1800, 505.89pt x 505.89pt>
File: /Users/angeloduo/Desktop/masterarbeit/scRNAseq_clustering_comparison/resu
lts/plots/plot_radar_default.pdf Graphic file (type pdf)

<use /Users/angeloduo/Desktop/masterarbeit/scRNAseq_clustering_comparison/resul
ts/plots/plot_radar_default.pdf>
Package pdftex.def Info: /Users/angeloduo/Desktop/masterarbeit/scRNAseq_cluster
ing_comparison/results/plots/plot_radar_default.pdf used on input line 579.
(pdftex.def)             Requested size: 227.62206pt x 227.62523pt.

</Users/angeloduo/Desktop/masterarbeit/scRNAseq_clustering_comparison/results/p
lots/plot_radar_unfiltered.pdf, id=1801, 505.89pt x 505.89pt>
File: /Users/angeloduo/Desktop/masterarbeit/scRNAseq_clustering_comparison/resu
lts/plots/plot_radar_unfiltered.pdf Graphic file (type pdf)

<use /Users/angeloduo/Desktop/masterarbeit/scRNAseq_clustering_comparison/resul
ts/plots/plot_radar_unfiltered.pdf>
Package pdftex.def Info: /Users/angeloduo/Desktop/masterarbeit/scRNAseq_cluster
ing_comparison/results/plots/plot_radar_unfiltered.pdf used on input line 585.
(pdftex.def)             Requested size: 227.62206pt x 227.62523pt.

</Users/angeloduo/Desktop/masterarbeit/scRNAseq_clustering_comparison/results/p
lots/plot_radar_filtered.pdf, id=1802, 505.89pt x 505.89pt>
File: /Users/angeloduo/Desktop/masterarbeit/scRNAseq_clustering_comparison/resu
lts/plots/plot_radar_filtered.pdf Graphic file (type pdf)

<use /Users/angeloduo/Desktop/masterarbeit/scRNAseq_clustering_comparison/resul
ts/plots/plot_radar_filtered.pdf>
Package pdftex.def Info: /Users/angeloduo/Desktop/masterarbeit/scRNAseq_cluster
ing_comparison/results/plots/plot_radar_filtered.pdf used on input line 591.
(pdftex.def)             Requested size: 227.62206pt x 227.62523pt.

</Users/angeloduo/Desktop/masterarbeit/scRNAseq_clustering_comparison/results/p
lots/plot_radar_optimalk.pdf, id=1803, 505.89pt x 505.89pt>
File: /Users/angeloduo/Desktop/masterarbeit/scRNAseq_clustering_comparison/resu
lts/plots/plot_radar_optimalk.pdf Graphic file (type pdf)

<use /Users/angeloduo/Desktop/masterarbeit/scRNAseq_clustering_comparison/resul
ts/plots/plot_radar_optimalk.pdf>
Package pdftex.def Info: /Users/angeloduo/Desktop/masterarbeit/scRNAseq_cluster
ing_comparison/results/plots/plot_radar_optimalk.pdf used on input line 597.
(pdftex.def)             Requested size: 227.62206pt x 227.62523pt.
 [22

 </Users/angeloduo/Desktop/masterarbeit/scRNAseq_clustering_comparison/results/
plots/plot_ari_all.pdf>]
</Users/angeloduo/Desktop/masterarbeit/scRNAseq_clustering_comparison/results/p
lots/plot_ari_diff_filtdef.pdf, id=1815, 867.24pt x 361.35pt>
File: /Users/angeloduo/Desktop/masterarbeit/scRNAseq_clustering_comparison/resu
lts/plots/plot_ari_diff_filtdef.pdf Graphic file (type pdf)

<use /Users/angeloduo/Desktop/masterarbeit/scRNAseq_clustering_comparison/resul
ts/plots/plot_ari_diff_filtdef.pdf>
Package pdftex.def Info: /Users/angeloduo/Desktop/masterarbeit/scRNAseq_cluster
ing_comparison/results/plots/plot_ari_diff_filtdef.pdf used on input line 607.
(pdftex.def)             Requested size: 505.89pt x 210.79065pt.

Overfull \hbox (50.64589pt too wide) in paragraph at lines 607--608
 [] 
 []


LaTeX Warning: Reference `fig:ariradar' on page 23 undefined on input line 617.



LaTeX Warning: Reference `' on page 23 undefined on input line 617.


LaTeX Warning: Reference `' on page 23 undefined on input line 622.

[23 </Users/angeloduo/Desktop/masterarbeit/scRNAseq_clustering_comparison/resul
ts/plots/plot_ari_diff_maxscore_all.pdf>] [24 </Users/angeloduo/Desktop/mastera
rbeit/scRNAseq_clustering_comparison/results/plots/plot_radar_default.pdf> </Us
ers/angeloduo/Desktop/masterarbeit/scRNAseq_clustering_comparison/results/plots
/plot_radar_unfiltered.pdf> </Users/angeloduo/Desktop/masterarbeit/scRNAseq_clu
stering_comparison/results/plots/plot_radar_filtered.pdf> </Users/angeloduo/Des
ktop/masterarbeit/scRNAseq_clustering_comparison/results/plots/plot_radar_optim
alk.pdf>]

LaTeX Warning: Reference `' on page 25 undefined on input line 625.


LaTeX Warning: Reference `' on page 25 undefined on input line 627.

[25 </Users/angeloduo/Desktop/masterarbeit/scRNAseq_clustering_comparison/resul
ts/plots/plot_ari_diff_filtdef.pdf>]
Missing character: There is no â in font cmr10!
Missing character: There is no € in font cmr10!
Missing character: There is no ™ in font cmr10!
 [26]
Missing character: There is no â in font cmr10!
Missing character: There is no € in font cmr10!
Missing character: There is no ™ in font cmr10!
Missing character: There is no â in font cmr10!
Missing character: There is no € in font cmr10!
Missing character: There is no ™ in font cmr10!
 [27]
Missing character: There is no â in font cmr10!
Missing character: There is no € in font cmr10!
Missing character: There is no ™ in font cmr10!
 [28]
</Users/angeloduo/Desktop/masterarbeit/scRNAseq_clustering_comparison/results/p
lots/plot_f1_point_filtered.pdf, id=1888, 939.51pt x 1084.05pt>
File: /Users/angeloduo/Desktop/masterarbeit/scRNAseq_clustering_comparison/resu
lts/plots/plot_f1_point_filtered.pdf Graphic file (type pdf)

<use /Users/angeloduo/Desktop/masterarbeit/scRNAseq_clustering_comparison/resul
ts/plots/plot_f1_point_filtered.pdf>
Package pdftex.def Info: /Users/angeloduo/Desktop/masterarbeit/scRNAseq_cluster
ing_comparison/results/plots/plot_f1_point_filtered.pdf used on input line 683.

(pdftex.def)             Requested size: 505.89pt x 583.70763pt.

Overfull \hbox (50.64589pt too wide) in paragraph at lines 683--684
[][] 
 []


LaTeX Warning: `!h' float specifier changed to `!ht'.


</Users/angeloduo/Desktop/masterarbeit/scRNAseq_clustering_comparison/results/p
lots/plot_ari_krange_ncluster_all.pdf, id=1896, 794.97pt x 722.7pt>
File: /Users/angeloduo/Desktop/masterarbeit/scRNAseq_clustering_comparison/resu
lts/plots/plot_ari_krange_ncluster_all.pdf Graphic file (type pdf)

<use /Users/angeloduo/Desktop/masterarbeit/scRNAseq_clustering_comparison/resul
ts/plots/plot_ari_krange_ncluster_all.pdf>
Package pdftex.def Info: /Users/angeloduo/Desktop/masterarbeit/scRNAseq_cluster
ing_comparison/results/plots/plot_ari_krange_ncluster_all.pdf used on input lin
e 706.
(pdftex.def)             Requested size: 361.34999pt x 328.50922pt.


LaTeX Warning: `!h' float specifier changed to `!ht'.

[29] [30 </Users/angeloduo/Desktop/masterarbeit/scRNAseq_clustering_comparison/
results/plots/plot_f1_point_filtered.pdf>]
</Users/angeloduo/Desktop/masterarbeit/scRNAseq_clustering_comparison/results/p
lots/stability_subsample_boot.pdf, id=1920, 722.7pt x 289.08pt>
File: /Users/angeloduo/Desktop/masterarbeit/scRNAseq_clustering_comparison/resu
lts/plots/stability_subsample_boot.pdf Graphic file (type pdf)

<use /Users/angeloduo/Desktop/masterarbeit/scRNAseq_clustering_comparison/resul
ts/plots/stability_subsample_boot.pdf>
Package pdftex.def Info: /Users/angeloduo/Desktop/masterarbeit/scRNAseq_cluster
ing_comparison/results/plots/stability_subsample_boot.pdf used on input line 71
9.
(pdftex.def)             Requested size: 361.34999pt x 144.53964pt.


LaTeX Warning: `!h' float specifier changed to `!ht'.

[31 </Users/angeloduo/Desktop/masterarbeit/scRNAseq_clustering_comparison/resul
ts/plots/plot_ari_krange_ncluster_all.pdf>] [32 </Users/angeloduo/Desktop/maste
rarbeit/scRNAseq_clustering_comparison/results/plots/stability_subsample_boot.p
df>]
</Users/angeloduo/Desktop/masterarbeit/scRNAseq_clustering_comparison/results/p
lots/runtimeslog.pdf, id=1942, 722.7pt x 289.08pt>
File: /Users/angeloduo/Desktop/masterarbeit/scRNAseq_clustering_comparison/resu
lts/plots/runtimeslog.pdf Graphic file (type pdf)

<use /Users/angeloduo/Desktop/masterarbeit/scRNAseq_clustering_comparison/resul
ts/plots/runtimeslog.pdf>
Package pdftex.def Info: /Users/angeloduo/Desktop/masterarbeit/scRNAseq_cluster
ing_comparison/results/plots/runtimeslog.pdf used on input line 731.
(pdftex.def)             Requested size: 361.34999pt x 144.53964pt.
 [33 </Users/angeloduo/Desktop/masterarbeit/scRNAseq_clustering_comparison/resu
lts/plots/runtimeslog.pdf>]
(./scRNAseq_clusteringv7.bbl [34

])

Package hyperref Warning: Token not allowed in a PDF string (PDFDocEncoding):
(hyperref)                removing `\\' on input line 758.


</Users/angeloduo/Desktop/masterarbeit/scRNAseq_clustering_comparison/results/p
lots/plot_f1_point_unfiltered.pdf, id=1962, 939.51pt x 1084.05pt>
File: /Users/angeloduo/Desktop/masterarbeit/scRNAseq_clustering_comparison/resu
lts/plots/plot_f1_point_unfiltered.pdf Graphic file (type pdf)

<use /Users/angeloduo/Desktop/masterarbeit/scRNAseq_clustering_comparison/resul
ts/plots/plot_f1_point_unfiltered.pdf>
Package pdftex.def Info: /Users/angeloduo/Desktop/masterarbeit/scRNAseq_cluster
ing_comparison/results/plots/plot_f1_point_unfiltered.pdf used on input line 76
1.
(pdftex.def)             Requested size: 505.89pt x 583.70763pt.

Overfull \hbox (50.64589pt too wide) in paragraph at lines 761--762
[][] 
 []


LaTeX Warning: `!h' float specifier changed to `!ht'.


</Users/angeloduo/Desktop/masterarbeit/scRNAseq_clustering_comparison/results/p
lots/plot_f1_point_default.pdf, id=1963, 939.51pt x 1084.05pt>
File: /Users/angeloduo/Desktop/masterarbeit/scRNAseq_clustering_comparison/resu
lts/plots/plot_f1_point_default.pdf Graphic file (type pdf)

<use /Users/angeloduo/Desktop/masterarbeit/scRNAseq_clustering_comparison/resul
ts/plots/plot_f1_point_default.pdf>
Package pdftex.def Info: /Users/angeloduo/Desktop/masterarbeit/scRNAseq_cluster
ing_comparison/results/plots/plot_f1_point_default.pdf used on input line 767.
(pdftex.def)             Requested size: 505.89pt x 583.70763pt.

Overfull \hbox (50.64589pt too wide) in paragraph at lines 767--768
[][] 
 []


LaTeX Warning: `!h' float specifier changed to `!ht'.


</Users/angeloduo/Desktop/masterarbeit/scRNAseq_clustering_comparison/results/p
lots/plot_f1_point_optimalk.pdf, id=1964, 939.51pt x 1084.05pt>
File: /Users/angeloduo/Desktop/masterarbeit/scRNAseq_clustering_comparison/resu
lts/plots/plot_f1_point_optimalk.pdf Graphic file (type pdf)

<use /Users/angeloduo/Desktop/masterarbeit/scRNAseq_clustering_comparison/resul
ts/plots/plot_f1_point_optimalk.pdf>
Package pdftex.def Info: /Users/angeloduo/Desktop/masterarbeit/scRNAseq_cluster
ing_comparison/results/plots/plot_f1_point_optimalk.pdf used on input line 773.

(pdftex.def)             Requested size: 505.89pt x 583.70763pt.

Overfull \hbox (50.64589pt too wide) in paragraph at lines 773--774
[][] 
 []


LaTeX Warning: `!h' float specifier changed to `!ht'.


</Users/angeloduo/Desktop/masterarbeit/scRNAseq_clustering_comparison/results/Q
C_data/hist_Kumar2014.pdf, id=1965, 505.89pt x 505.89pt>
File: /Users/angeloduo/Desktop/masterarbeit/scRNAseq_clustering_comparison/resu
lts/QC_data/hist_Kumar2014.pdf Graphic file (type pdf)

<use /Users/angeloduo/Desktop/masterarbeit/scRNAseq_clustering_comparison/resul
ts/QC_data/hist_Kumar2014.pdf>
Package pdftex.def Info: /Users/angeloduo/Desktop/masterarbeit/scRNAseq_cluster
ing_comparison/results/QC_data/hist_Kumar2014.pdf used on input line 779.
(pdftex.def)             Requested size: 289.07999pt x 289.08589pt.


LaTeX Warning: `!h' float specifier changed to `!ht'.


</Users/angeloduo/Desktop/masterarbeit/scRNAseq_clustering_comparison/results/Q
C_data/hist_Trapnell2014.pdf, id=1966, 505.89pt x 505.89pt>
File: /Users/angeloduo/Desktop/masterarbeit/scRNAseq_clustering_comparison/resu
lts/QC_data/hist_Trapnell2014.pdf Graphic file (type pdf)

<use /Users/angeloduo/Desktop/masterarbeit/scRNAseq_clustering_comparison/resul
ts/QC_data/hist_Trapnell2014.pdf>
Package pdftex.def Info: /Users/angeloduo/Desktop/masterarbeit/scRNAseq_cluster
ing_comparison/results/QC_data/hist_Trapnell2014.pdf used on input line 785.
(pdftex.def)             Requested size: 361.34999pt x 361.35352pt.


LaTeX Warning: `!h' float specifier changed to `!ht'.


</Users/angeloduo/Desktop/masterarbeit/scRNAseq_clustering_comparison/results/Q
C_data/hist_Koh2016.pdf, id=1967, 505.89pt x 505.89pt>
File: /Users/angeloduo/Desktop/masterarbeit/scRNAseq_clustering_comparison/resu
lts/QC_data/hist_Koh2016.pdf Graphic file (type pdf)

<use /Users/angeloduo/Desktop/masterarbeit/scRNAseq_clustering_comparison/resul
ts/QC_data/hist_Koh2016.pdf>
Package pdftex.def Info: /Users/angeloduo/Desktop/masterarbeit/scRNAseq_cluster
ing_comparison/results/QC_data/hist_Koh2016.pdf used on input line 791.
(pdftex.def)             Requested size: 361.34999pt x 361.35352pt.


LaTeX Warning: `!h' float specifier changed to `!ht'.


</Users/angeloduo/Desktop/masterarbeit/scRNAseq_clustering_comparison/results/Q
C_data/hist_simDataKumar.pdf, id=1968, 505.89pt x 505.89pt>
File: /Users/angeloduo/Desktop/masterarbeit/scRNAseq_clustering_comparison/resu
lts/QC_data/hist_simDataKumar.pdf Graphic file (type pdf)

<use /Users/angeloduo/Desktop/masterarbeit/scRNAseq_clustering_comparison/resul
ts/QC_data/hist_simDataKumar.pdf>
Package pdftex.def Info: /Users/angeloduo/Desktop/masterarbeit/scRNAseq_cluster
ing_comparison/results/QC_data/hist_simDataKumar.pdf used on input line 798.
(pdftex.def)             Requested size: 361.34999pt x 361.35352pt.


LaTeX Warning: `!h' float specifier changed to `!ht'.


</Users/angeloduo/Desktop/masterarbeit/scRNAseq_clustering_comparison/results/Q
C_data/qc_summary_kumar.png, id=1969, 2649.9pt x 2409.0pt>
File: /Users/angeloduo/Desktop/masterarbeit/scRNAseq_clustering_comparison/resu
lts/QC_data/qc_summary_kumar.png Graphic file (type png)

<use /Users/angeloduo/Desktop/masterarbeit/scRNAseq_clustering_comparison/resul
ts/QC_data/qc_summary_kumar.png>
Package pdftex.def Info: /Users/angeloduo/Desktop/masterarbeit/scRNAseq_cluster
ing_comparison/results/QC_data/qc_summary_kumar.png used on input line 805.
(pdftex.def)             Requested size: 361.34999pt x 328.47246pt.


LaTeX Warning: `!h' float specifier changed to `!ht'.


</Users/angeloduo/Desktop/masterarbeit/scRNAseq_clustering_comparison/results/Q
C_data/qc_summary_trapnell.png, id=1970, 2649.9pt x 2409.0pt>
File: /Users/angeloduo/Desktop/masterarbeit/scRNAseq_clustering_comparison/resu
lts/QC_data/qc_summary_trapnell.png Graphic file (type png)

<use /Users/angeloduo/Desktop/masterarbeit/scRNAseq_clustering_comparison/resul
ts/QC_data/qc_summary_trapnell.png>
Package pdftex.def Info: /Users/angeloduo/Desktop/masterarbeit/scRNAseq_cluster
ing_comparison/results/QC_data/qc_summary_trapnell.png used on input line 811.
(pdftex.def)             Requested size: 361.34999pt x 328.47246pt.


LaTeX Warning: `!h' float specifier changed to `!ht'.


</Users/angeloduo/Desktop/masterarbeit/scRNAseq_clustering_comparison/results/Q
C_data/qc_summary_koh.png, id=1971, 2649.9pt x 2409.0pt>
File: /Users/angeloduo/Desktop/masterarbeit/scRNAseq_clustering_comparison/resu
lts/QC_data/qc_summary_koh.png Graphic file (type png)

<use /Users/angeloduo/Desktop/masterarbeit/scRNAseq_clustering_comparison/resul
ts/QC_data/qc_summary_koh.png>
Package pdftex.def Info: /Users/angeloduo/Desktop/masterarbeit/scRNAseq_cluster
ing_comparison/results/QC_data/qc_summary_koh.png used on input line 817.
(pdftex.def)             Requested size: 361.34999pt x 328.47246pt.


LaTeX Warning: `!h' float specifier changed to `!ht'.


</Users/angeloduo/Desktop/masterarbeit/scRNAseq_clustering_comparison/results/Q
C_data/qc_summary_zheng2016.png, id=1972, 2649.9pt x 2409.0pt>
File: /Users/angeloduo/Desktop/masterarbeit/scRNAseq_clustering_comparison/resu
lts/QC_data/qc_summary_zheng2016.png Graphic file (type png)

<use /Users/angeloduo/Desktop/masterarbeit/scRNAseq_clustering_comparison/resul
ts/QC_data/qc_summary_zheng2016.png>
Package pdftex.def Info: /Users/angeloduo/Desktop/masterarbeit/scRNAseq_cluster
ing_comparison/results/QC_data/qc_summary_zheng2016.png used on input line 823.

(pdftex.def)             Requested size: 361.34999pt x 328.47246pt.


LaTeX Warning: `!h' float specifier changed to `!ht'.


</Users/angeloduo/Desktop/masterarbeit/scRNAseq_clustering_comparison/results/Q
C_data/qc_summary_simDataKumar.png, id=1973, 2649.9pt x 2409.0pt>
File: /Users/angeloduo/Desktop/masterarbeit/scRNAseq_clustering_comparison/resu
lts/QC_data/qc_summary_simDataKumar.png Graphic file (type png)

<use /Users/angeloduo/Desktop/masterarbeit/scRNAseq_clustering_comparison/resul
ts/QC_data/qc_summary_simDataKumar.png>
Package pdftex.def Info: /Users/angeloduo/Desktop/masterarbeit/scRNAseq_cluster
ing_comparison/results/QC_data/qc_summary_simDataKumar.png used on input line 8
29.
(pdftex.def)             Requested size: 361.34999pt x 328.47246pt.


LaTeX Warning: `!h' float specifier changed to `!ht'.


</Users/angeloduo/Desktop/masterarbeit/scRNAseq_clustering_comparison/results/p
lots/optimalk_wss_tsnekmeans.pdf, id=1974, 505.89pt x 505.89pt>
File: /Users/angeloduo/Desktop/masterarbeit/scRNAseq_clustering_comparison/resu
lts/plots/optimalk_wss_tsnekmeans.pdf Graphic file (type pdf)

<use /Users/angeloduo/Desktop/masterarbeit/scRNAseq_clustering_comparison/resul
ts/plots/optimalk_wss_tsnekmeans.pdf>
Package pdftex.def Info: /Users/angeloduo/Desktop/masterarbeit/scRNAseq_cluster
ing_comparison/results/plots/optimalk_wss_tsnekmeans.pdf used on input line 835
.
(pdftex.def)             Requested size: 361.34999pt x 361.35352pt.


LaTeX Warning: `!h' float specifier changed to `!ht'.


</Users/angeloduo/Desktop/masterarbeit/scRNAseq_clustering_comparison/results/p
lots/optimalk_wss.pdf, id=1975, 505.89pt x 505.89pt>
File: /Users/angeloduo/Desktop/masterarbeit/scRNAseq_clustering_comparison/resu
lts/plots/optimalk_wss.pdf Graphic file (type pdf)

<use /Users/angeloduo/Desktop/masterarbeit/scRNAseq_clustering_comparison/resul
ts/plots/optimalk_wss.pdf>
Package pdftex.def Info: /Users/angeloduo/Desktop/masterarbeit/scRNAseq_cluster
ing_comparison/results/plots/optimalk_wss.pdf used on input line 841.
(pdftex.def)             Requested size: 361.34999pt x 361.35352pt.


LaTeX Warning: `!h' float specifier changed to `!ht'.


</Users/angeloduo/Desktop/masterarbeit/scRNAseq_clustering_comparison/results/Q
C_data/qc_summary_simDataKumar2.png, id=1976, 2649.9pt x 2409.0pt>
File: /Users/angeloduo/Desktop/masterarbeit/scRNAseq_clustering_comparison/resu
lts/QC_data/qc_summary_simDataKumar2.png Graphic file (type png)

<use /Users/angeloduo/Desktop/masterarbeit/scRNAseq_clustering_comparison/resul
ts/QC_data/qc_summary_simDataKumar2.png>
Package pdftex.def Info: /Users/angeloduo/Desktop/masterarbeit/scRNAseq_cluster
ing_comparison/results/QC_data/qc_summary_simDataKumar2.png used on input line 
849.
(pdftex.def)             Requested size: 361.34999pt x 328.47246pt.


LaTeX Warning: `!h' float specifier changed to `!ht'.

[35] [36 </Users/angeloduo/Desktop/masterarbeit/scRNAseq_clustering_comparison/
results/plots/plot_f1_point_unfiltered.pdf>] [37 </Users/angeloduo/Desktop/mast
erarbeit/scRNAseq_clustering_comparison/results/plots/plot_f1_point_default.pdf
>] [38 </Users/angeloduo/Desktop/masterarbeit/scRNAseq_clustering_comparison/re
sults/plots/plot_f1_point_optimalk.pdf>] [39 </Users/angeloduo/Desktop/masterar
beit/scRNAseq_clustering_comparison/results/QC_data/hist_Kumar2014.pdf>]
[40 </Users/angeloduo/Desktop/masterarbeit/scRNAseq_clustering_comparison/resul
ts/QC_data/hist_Trapnell2014.pdf>] [41 </Users/angeloduo/Desktop/masterarbeit/s
cRNAseq_clustering_comparison/results/QC_data/hist_Koh2016.pdf>] [42 </Users/an
geloduo/Desktop/masterarbeit/scRNAseq_clustering_comparison/results/QC_data/his
t_simDataKumar.pdf>] [43 </Users/angeloduo/Desktop/masterarbeit/scRNAseq_cluste
ring_comparison/results/QC_data/qc_summary_kumar.png>] [44 </Users/angeloduo/De
sktop/masterarbeit/scRNAseq_clustering_comparison/results/QC_data/qc_summary_tr
apnell.png>] [45 </Users/angeloduo/Desktop/masterarbeit/scRNAseq_clustering_com
parison/results/QC_data/qc_summary_koh.png>] [46 </Users/angeloduo/Desktop/mast
erarbeit/scRNAseq_clustering_comparison/results/QC_data/qc_summary_zheng2016.pn
g>] [47 </Users/angeloduo/Desktop/masterarbeit/scRNAseq_clustering_comparison/r
esults/QC_data/qc_summary_simDataKumar.png>] [48 </Users/angeloduo/Desktop/mast
erarbeit/scRNAseq_clustering_comparison/results/plots/optimalk_wss_tsnekmeans.p
df>] [49 </Users/angeloduo/Desktop/masterarbeit/scRNAseq_clustering_comparison/
results/plots/optimalk_wss.pdf>] [50 </Users/angeloduo/Desktop/masterarbeit/scR
NAseq_clustering_comparison/results/QC_data/qc_summary_simDataKumar2.png>]
</Users/angeloduo/Desktop/masterarbeit/scRNAseq_clustering_comparison/results/p
lots/plot_f1_filtered_kumar2015.pdf, id=2110, 433.62pt x 433.62pt>
File: /Users/angeloduo/Desktop/masterarbeit/scRNAseq_clustering_comparison/resu
lts/plots/plot_f1_filtered_kumar2015.pdf Graphic file (type pdf)

<use /Users/angeloduo/Desktop/masterarbeit/scRNAseq_clustering_comparison/resul
ts/plots/plot_f1_filtered_kumar2015.pdf>
Package pdftex.def Info: /Users/angeloduo/Desktop/masterarbeit/scRNAseq_cluster
ing_comparison/results/plots/plot_f1_filtered_kumar2015.pdf used on input line 
859.
(pdftex.def)             Requested size: 361.34999pt x 361.36676pt.

</Users/angeloduo/Desktop/masterarbeit/scRNAseq_clustering_comparison/results/p
lots/plot_f1_filtered_trapnell2014.pdf, id=2111, 433.62pt x 433.62pt>
File: /Users/angeloduo/Desktop/masterarbeit/scRNAseq_clustering_comparison/resu
lts/plots/plot_f1_filtered_trapnell2014.pdf Graphic file (type pdf)

<use /Users/angeloduo/Desktop/masterarbeit/scRNAseq_clustering_comparison/resul
ts/plots/plot_f1_filtered_trapnell2014.pdf>
Package pdftex.def Info: /Users/angeloduo/Desktop/masterarbeit/scRNAseq_cluster
ing_comparison/results/plots/plot_f1_filtered_trapnell2014.pdf used on input li
ne 865.
(pdftex.def)             Requested size: 361.34999pt x 361.36676pt.


LaTeX Warning: `!h' float specifier changed to `!ht'.


</Users/angeloduo/Desktop/masterarbeit/scRNAseq_clustering_comparison/results/p
lots/plot_f1_filtered_koh2016.pdf, id=2112, 433.62pt x 433.62pt>
File: /Users/angeloduo/Desktop/masterarbeit/scRNAseq_clustering_comparison/resu
lts/plots/plot_f1_filtered_koh2016.pdf Graphic file (type pdf)

<use /Users/angeloduo/Desktop/masterarbeit/scRNAseq_clustering_comparison/resul
ts/plots/plot_f1_filtered_koh2016.pdf>
Package pdftex.def Info: /Users/angeloduo/Desktop/masterarbeit/scRNAseq_cluster
ing_comparison/results/plots/plot_f1_filtered_koh2016.pdf used on input line 87
1.
(pdftex.def)             Requested size: 361.34999pt x 361.36676pt.


LaTeX Warning: `!h' float specifier changed to `!ht'.


</Users/angeloduo/Desktop/masterarbeit/scRNAseq_clustering_comparison/results/p
lots/plot_f1_filtered_zhengmix2016.pdf, id=2113, 433.62pt x 433.62pt>
File: /Users/angeloduo/Desktop/masterarbeit/scRNAseq_clustering_comparison/resu
lts/plots/plot_f1_filtered_zhengmix2016.pdf Graphic file (type pdf)

<use /Users/angeloduo/Desktop/masterarbeit/scRNAseq_clustering_comparison/resul
ts/plots/plot_f1_filtered_zhengmix2016.pdf>
Package pdftex.def Info: /Users/angeloduo/Desktop/masterarbeit/scRNAseq_cluster
ing_comparison/results/plots/plot_f1_filtered_zhengmix2016.pdf used on input li
ne 877.
(pdftex.def)             Requested size: 361.34999pt x 361.36676pt.


LaTeX Warning: `!h' float specifier changed to `!ht'.


</Users/angeloduo/Desktop/masterarbeit/scRNAseq_clustering_comparison/results/p
lots/plot_f1_filtered_simDataKumar.pdf, id=2114, 433.62pt x 433.62pt>
File: /Users/angeloduo/Desktop/masterarbeit/scRNAseq_clustering_comparison/resu
lts/plots/plot_f1_filtered_simDataKumar.pdf Graphic file (type pdf)

<use /Users/angeloduo/Desktop/masterarbeit/scRNAseq_clustering_comparison/resul
ts/plots/plot_f1_filtered_simDataKumar.pdf>
Package pdftex.def Info: /Users/angeloduo/Desktop/masterarbeit/scRNAseq_cluster
ing_comparison/results/plots/plot_f1_filtered_simDataKumar.pdf used on input li
ne 883.
(pdftex.def)             Requested size: 361.34999pt x 361.36676pt.


LaTeX Warning: `!h' float specifier changed to `!ht'.


</Users/angeloduo/Desktop/masterarbeit/scRNAseq_clustering_comparison/results/p
lots/plot_f1_filtered_simDataKumar2.pdf, id=2115, 433.62pt x 433.62pt>
File: /Users/angeloduo/Desktop/masterarbeit/scRNAseq_clustering_comparison/resu
lts/plots/plot_f1_filtered_simDataKumar2.pdf Graphic file (type pdf)

<use /Users/angeloduo/Desktop/masterarbeit/scRNAseq_clustering_comparison/resul
ts/plots/plot_f1_filtered_simDataKumar2.pdf>
Package pdftex.def Info: /Users/angeloduo/Desktop/masterarbeit/scRNAseq_cluster
ing_comparison/results/plots/plot_f1_filtered_simDataKumar2.pdf used on input l
ine 889.
(pdftex.def)             Requested size: 361.34999pt x 361.36676pt.


LaTeX Warning: `!h' float specifier changed to `!ht'.


</Users/angeloduo/Desktop/masterarbeit/scRNAseq_clustering_comparison/results/p
lots/plot_ari_stars_all.pdf, id=2116, 505.89pt x 505.89pt>
File: /Users/angeloduo/Desktop/masterarbeit/scRNAseq_clustering_comparison/resu
lts/plots/plot_ari_stars_all.pdf Graphic file (type pdf)

<use /Users/angeloduo/Desktop/masterarbeit/scRNAseq_clustering_comparison/resul
ts/plots/plot_ari_stars_all.pdf>
Package pdftex.def Info: /Users/angeloduo/Desktop/masterarbeit/scRNAseq_cluster
ing_comparison/results/plots/plot_ari_stars_all.pdf used on input line 896.
(pdftex.def)             Requested size: 361.34999pt x 361.35352pt.


LaTeX Warning: `!h' float specifier changed to `!ht'.


</Users/angeloduo/Desktop/masterarbeit/scRNAseq_clustering_comparison/results/p
lots/runtimes.pdf, id=2117, 722.7pt x 289.08pt>
File: /Users/angeloduo/Desktop/masterarbeit/scRNAseq_clustering_comparison/resu
lts/plots/runtimes.pdf Graphic file (type pdf)

<use /Users/angeloduo/Desktop/masterarbeit/scRNAseq_clustering_comparison/resul
ts/plots/runtimes.pdf>
Package pdftex.def Info: /Users/angeloduo/Desktop/masterarbeit/scRNAseq_cluster
ing_comparison/results/plots/runtimes.pdf used on input line 903.
(pdftex.def)             Requested size: 361.34999pt x 144.53964pt.


LaTeX Warning: `!h' float specifier changed to `!ht'.


</Users/angeloduo/Desktop/masterarbeit/scRNAseq_clustering_comparison/results/p
lots/stability_boot.pdf, id=2118, 722.7pt x 289.08pt>
File: /Users/angeloduo/Desktop/masterarbeit/scRNAseq_clustering_comparison/resu
lts/plots/stability_boot.pdf Graphic file (type pdf)

<use /Users/angeloduo/Desktop/masterarbeit/scRNAseq_clustering_comparison/resul
ts/plots/stability_boot.pdf>
Package pdftex.def Info: /Users/angeloduo/Desktop/masterarbeit/scRNAseq_cluster
ing_comparison/results/plots/stability_boot.pdf used on input line 911.
(pdftex.def)             Requested size: 361.34999pt x 144.53964pt.


LaTeX Warning: `!h' float specifier changed to `!ht'.


</Users/angeloduo/Desktop/masterarbeit/scRNAseq_clustering_comparison/results/p
lots/plot_cluster_koh2016.pdf, id=2119, 1084.05pt x 722.7pt>
File: /Users/angeloduo/Desktop/masterarbeit/scRNAseq_clustering_comparison/resu
lts/plots/plot_cluster_koh2016.pdf Graphic file (type pdf)

<use /Users/angeloduo/Desktop/masterarbeit/scRNAseq_clustering_comparison/resul
ts/plots/plot_cluster_koh2016.pdf>
Package pdftex.def Info: /Users/angeloduo/Desktop/masterarbeit/scRNAseq_cluster
ing_comparison/results/plots/plot_cluster_koh2016.pdf used on input line 918.
(pdftex.def)             Requested size: 361.34999pt x 240.89572pt.


LaTeX Warning: `!h' float specifier changed to `!ht'.


</Users/angeloduo/Desktop/masterarbeit/scRNAseq_clustering_comparison/results/p
lots/plot_cluster_trapnell2014.pdf, id=2120, 1084.05pt x 722.7pt>
File: /Users/angeloduo/Desktop/masterarbeit/scRNAseq_clustering_comparison/resu
lts/plots/plot_cluster_trapnell2014.pdf Graphic file (type pdf)

<use /Users/angeloduo/Desktop/masterarbeit/scRNAseq_clustering_comparison/resul
ts/plots/plot_cluster_trapnell2014.pdf>
Package pdftex.def Info: /Users/angeloduo/Desktop/masterarbeit/scRNAseq_cluster
ing_comparison/results/plots/plot_cluster_trapnell2014.pdf used on input line 9
26.
(pdftex.def)             Requested size: 361.34999pt x 240.89572pt.


LaTeX Warning: `!h' float specifier changed to `!ht'.

[51

 </Users/angeloduo/Desktop/masterarbeit/scRNAseq_clustering_comparison/results/
plots/plot_f1_filtered_kumar2015.pdf>]
Package atveryend Info: Empty hook `BeforeClearDocument' on input line 944.
 [52 </Users/angeloduo/Desktop/masterarbeit/scRNAseq_clustering_comparison/resu
lts/plots/plot_f1_filtered_trapnell2014.pdf>] [53 </Users/angeloduo/Desktop/mas
terarbeit/scRNAseq_clustering_comparison/results/plots/plot_f1_filtered_koh2016
.pdf>] [54 </Users/angeloduo/Desktop/masterarbeit/scRNAseq_clustering_compariso
n/results/plots/plot_f1_filtered_zhengmix2016.pdf>] [55 </Users/angeloduo/Deskt
op/masterarbeit/scRNAseq_clustering_comparison/results/plots/plot_f1_filtered_s
imDataKumar.pdf>] [56 </Users/angeloduo/Desktop/masterarbeit/scRNAseq_clusterin
g_comparison/results/plots/plot_f1_filtered_simDataKumar2.pdf>] [57 </Users/ang
eloduo/Desktop/masterarbeit/scRNAseq_clustering_comparison/results/plots/plot_a
ri_stars_all.pdf> </Users/angeloduo/Desktop/masterarbeit/scRNAseq_clustering_co
mparison/results/plots/runtimes.pdf>]
[58 </Users/angeloduo/Desktop/masterarbeit/scRNAseq_clustering_comparison/resul
ts/plots/stability_boot.pdf> </Users/angeloduo/Desktop/masterarbeit/scRNAseq_cl
ustering_comparison/results/plots/plot_cluster_koh2016.pdf>] [59 </Users/angelo
duo/Desktop/masterarbeit/scRNAseq_clustering_comparison/results/plots/plot_clus
ter_trapnell2014.pdf>]
Package atveryend Info: Empty hook `AfterLastShipout' on input line 944.
 (./scRNAseq_clusteringv7.aux)
Package atveryend Info: Executing hook `AtVeryEndDocument' on input line 944.
Package atveryend Info: Executing hook `AtEndAfterFileList' on input line 944.
Package rerunfilecheck Info: File `scRNAseq_clusteringv7.out' has not changed.
(rerunfilecheck)             Checksum: 524AEB5D1C37BC70F479D1FF9020E939;1526.


LaTeX Warning: There were undefined references.


LaTeX Warning: There were multiply-defined labels.

Package atveryend Info: Empty hook `AtVeryVeryEnd' on input line 944.
 ) 
Here is how much of TeX's memory you used:
 9550 strings out of 493014
 160041 string characters out of 6133351
 357720 words of memory out of 5000000
 12722 multiletter control sequences out of 15000+600000
 10320 words of font info for 39 fonts, out of 8000000 for 9000
 1141 hyphenation exceptions out of 8191
 42i,12n,43p,1279b,476s stack positions out of 5000i,500n,10000p,200000b,80000s
</usr/local/texlive/2016/texmf-dist/fonts/type1/public/amsfonts/cm/cmbx10.pfb
></usr/local/texlive/2016/texmf-dist/fonts/type1/public/amsfonts/cm/cmbx12.pfb>
</usr/local/texlive/2016/texmf-dist/fonts/type1/public/amsfonts/cm/cmex10.pfb><
/usr/local/texlive/2016/texmf-dist/fonts/type1/public/amsfonts/cm/cmmi10.pfb></
usr/local/texlive/2016/texmf-dist/fonts/type1/public/amsfonts/cm/cmmi6.pfb></us
r/local/texlive/2016/texmf-dist/fonts/type1/public/amsfonts/cm/cmmi8.pfb></usr/
local/texlive/2016/texmf-dist/fonts/type1/public/amsfonts/cm/cmr10.pfb></usr/lo
cal/texlive/2016/texmf-dist/fonts/type1/public/amsfonts/cm/cmr12.pfb></usr/loca
l/texlive/2016/texmf-dist/fonts/type1/public/amsfonts/cm/cmr8.pfb></usr/local/t
exlive/2016/texmf-dist/fonts/type1/public/amsfonts/cm/cmsy10.pfb></usr/local/te
xlive/2016/texmf-dist/fonts/type1/public/amsfonts/cm/cmsy8.pfb></usr/local/texl
ive/2016/texmf-dist/fonts/type1/public/amsfonts/cm/cmti10.pfb></usr/local/texli
ve/2016/texmf-dist/fonts/type1/public/amsfonts/cm/cmtt10.pfb>
Output written on scRNAseq_clusteringv7.pdf (60 pages, 12331610 bytes).
PDF statistics:
 2314 PDF objects out of 2487 (max. 8388607)
 1644 compressed objects within 17 object streams
 186 named destinations out of 1000 (max. 500000)
 397 words of extra memory for PDF output out of 10000 (max. 10000000)

