This is pdfTeX, Version 3.14159265-2.6-1.40.17 (TeX Live 2016) (preloaded format=pdflatex 2017.3.28)  18 JAN 2018 13:34
entering extended mode
 restricted \write18 enabled.
 %&-line parsing enabled.
**scRNAseq_clusteringv5.tex
(./scRNAseq_clusteringv5.tex
LaTeX2e <2016/03/31>
Babel <3.9r> and hyphenation patterns for 83 language(s) loaded.
(/usr/local/texlive/2016/texmf-dist/tex/latex/base/article.cls
Document Class: article 2014/09/29 v1.4h Standard LaTeX document class
(/usr/local/texlive/2016/texmf-dist/tex/latex/base/size12.clo
File: size12.clo 2014/09/29 v1.4h Standard LaTeX file (size option)
)
\c@part=\count79
\c@section=\count80
\c@subsection=\count81
\c@subsubsection=\count82
\c@paragraph=\count83
\c@subparagraph=\count84
\c@figure=\count85
\c@table=\count86
\abovecaptionskip=\skip41
\belowcaptionskip=\skip42
\bibindent=\dimen102
)
(/usr/local/texlive/2016/texmf-dist/tex/latex/graphics/graphicx.sty
Package: graphicx 2014/10/28 v1.0g Enhanced LaTeX Graphics (DPC,SPQR)

(/usr/local/texlive/2016/texmf-dist/tex/latex/graphics/keyval.sty
Package: keyval 2014/10/28 v1.15 key=value parser (DPC)
\KV@toks@=\toks14
)
(/usr/local/texlive/2016/texmf-dist/tex/latex/graphics/graphics.sty
Package: graphics 2016/05/09 v1.0r Standard LaTeX Graphics (DPC,SPQR)

(/usr/local/texlive/2016/texmf-dist/tex/latex/graphics/trig.sty
Package: trig 2016/01/03 v1.10 sin cos tan (DPC)
)
(/usr/local/texlive/2016/texmf-dist/tex/latex/graphics-cfg/graphics.cfg
File: graphics.cfg 2016/01/02 v1.10 sample graphics configuration
)
Package graphics Info: Driver file: pdftex.def on input line 96.

(/usr/local/texlive/2016/texmf-dist/tex/latex/pdftex-def/pdftex.def
File: pdftex.def 2011/05/27 v0.06d Graphics/color for pdfTeX

(/usr/local/texlive/2016/texmf-dist/tex/generic/oberdiek/infwarerr.sty
Package: infwarerr 2016/05/16 v1.4 Providing info/warning/error messages (HO)
)
(/usr/local/texlive/2016/texmf-dist/tex/generic/oberdiek/ltxcmds.sty
Package: ltxcmds 2016/05/16 v1.23 LaTeX kernel commands for general use (HO)
)
\Gread@gobject=\count87
))
\Gin@req@height=\dimen103
\Gin@req@width=\dimen104
)
(/usr/local/texlive/2016/texmf-dist/tex/latex/graphics/color.sty
Package: color 2016/05/09 v1.1c Standard LaTeX Color (DPC)

(/usr/local/texlive/2016/texmf-dist/tex/latex/graphics-cfg/color.cfg
File: color.cfg 2016/01/02 v1.6 sample color configuration
)
Package color Info: Driver file: pdftex.def on input line 144.
)
(/usr/local/texlive/2016/texmf-dist/tex/latex/framed/framed.sty
Package: framed 2011/10/22 v 0.96: framed or shaded text with page breaks
\OuterFrameSep=\skip43
\fb@frw=\dimen105
\fb@frh=\dimen106
\FrameRule=\dimen107
\FrameSep=\dimen108
)
(/usr/local/texlive/2016/texmf-dist/tex/latex/base/alltt.sty
Package: alltt 1997/06/16 v2.0g defines alltt environment
)
(/usr/local/texlive/2016/texmf-dist/tex/latex/lipsum/lipsum.sty
Package: lipsum 2014/07/27 v1.3 150 paragraphs of Lorem Ipsum dummy text
\c@lips@count=\count88
)
(/usr/local/texlive/2016/texmf-dist/tex/latex/tools/verbatim.sty
Package: verbatim 2014/10/28 v1.5q LaTeX2e package for verbatim enhancements
\every@verbatim=\toks15
\verbatim@line=\toks16
\verbatim@in@stream=\read1
)
(/usr/local/texlive/2016/texmf-dist/tex/latex/geometry/geometry.sty
Package: geometry 2010/09/12 v5.6 Page Geometry

(/usr/local/texlive/2016/texmf-dist/tex/generic/oberdiek/ifpdf.sty
Package: ifpdf 2016/05/14 v3.1 Provides the ifpdf switch
)
(/usr/local/texlive/2016/texmf-dist/tex/generic/oberdiek/ifvtex.sty
Package: ifvtex 2016/05/16 v1.6 Detect VTeX and its facilities (HO)
Package ifvtex Info: VTeX not detected.
)
(/usr/local/texlive/2016/texmf-dist/tex/generic/ifxetex/ifxetex.sty
Package: ifxetex 2010/09/12 v0.6 Provides ifxetex conditional
)
\Gm@cnth=\count89
\Gm@cntv=\count90
\c@Gm@tempcnt=\count91
\Gm@bindingoffset=\dimen109
\Gm@wd@mp=\dimen110
\Gm@odd@mp=\dimen111
\Gm@even@mp=\dimen112
\Gm@layoutwidth=\dimen113
\Gm@layoutheight=\dimen114
\Gm@layouthoffset=\dimen115
\Gm@layoutvoffset=\dimen116
\Gm@dimlist=\toks17
)
(/usr/local/texlive/2016/texmf-dist/tex/latex/url/url.sty
\Urlmuskip=\muskip10
Package: url 2013/09/16  ver 3.4  Verb mode for urls, etc.
)
(/usr/local/texlive/2016/texmf-dist/tex/latex/hyperref/hyperref.sty
Package: hyperref 2016/05/05 v6.83n Hypertext links for LaTeX

(/usr/local/texlive/2016/texmf-dist/tex/generic/oberdiek/hobsub-hyperref.sty
Package: hobsub-hyperref 2016/05/16 v1.14 Bundle oberdiek, subset hyperref (HO)


(/usr/local/texlive/2016/texmf-dist/tex/generic/oberdiek/hobsub-generic.sty
Package: hobsub-generic 2016/05/16 v1.14 Bundle oberdiek, subset generic (HO)
Package: hobsub 2016/05/16 v1.14 Construct package bundles (HO)
Package hobsub Info: Skipping package `infwarerr' (already loaded).
Package hobsub Info: Skipping package `ltxcmds' (already loaded).
Package: ifluatex 2016/05/16 v1.4 Provides the ifluatex switch (HO)
Package ifluatex Info: LuaTeX not detected.
Package hobsub Info: Skipping package `ifvtex' (already loaded).
Package: intcalc 2016/05/16 v1.2 Expandable calculations with integers (HO)
Package hobsub Info: Skipping package `ifpdf' (already loaded).
Package: etexcmds 2016/05/16 v1.6 Avoid name clashes with e-TeX commands (HO)
Package etexcmds Info: Could not find \expanded.
(etexcmds)             That can mean that you are not using pdfTeX 1.50 or
(etexcmds)             that some package has redefined \expanded.
(etexcmds)             In the latter case, load this package earlier.
Package: kvsetkeys 2016/05/16 v1.17 Key value parser (HO)
Package: kvdefinekeys 2016/05/16 v1.4 Define keys (HO)
Package: pdftexcmds 2016/05/10 v0.21 Utility functions of pdfTeX for LuaTeX (HO
)
Package pdftexcmds Info: LuaTeX not detected.
Package pdftexcmds Info: \pdf@primitive is available.
Package pdftexcmds Info: \pdf@ifprimitive is available.
Package pdftexcmds Info: \pdfdraftmode found.
Package: pdfescape 2016/05/16 v1.14 Implements pdfTeX's escape features (HO)
Package: bigintcalc 2016/05/16 v1.4 Expandable calculations on big integers (HO
)
Package: bitset 2016/05/16 v1.2 Handle bit-vector datatype (HO)
Package: uniquecounter 2016/05/16 v1.3 Provide unlimited unique counter (HO)
)
Package hobsub Info: Skipping package `hobsub' (already loaded).
Package: letltxmacro 2016/05/16 v1.5 Let assignment for LaTeX macros (HO)
Package: hopatch 2016/05/16 v1.3 Wrapper for package hooks (HO)
Package: xcolor-patch 2016/05/16 xcolor patch
Package: atveryend 2016/05/16 v1.9 Hooks at the very end of document (HO)
Package atveryend Info: \enddocument detected (standard20110627).
Package: atbegshi 2016/05/16 v1.17 At begin shipout hook (HO)
Package: refcount 2016/05/16 v3.5 Data extraction from label references (HO)
Package: hycolor 2016/05/16 v1.8 Color options for hyperref/bookmark (HO)
)
(/usr/local/texlive/2016/texmf-dist/tex/latex/oberdiek/auxhook.sty
Package: auxhook 2016/05/16 v1.4 Hooks for auxiliary files (HO)
)
(/usr/local/texlive/2016/texmf-dist/tex/latex/oberdiek/kvoptions.sty
Package: kvoptions 2016/05/16 v3.12 Key value format for package options (HO)
)
\@linkdim=\dimen117
\Hy@linkcounter=\count92
\Hy@pagecounter=\count93

(/usr/local/texlive/2016/texmf-dist/tex/latex/hyperref/pd1enc.def
File: pd1enc.def 2016/05/05 v6.83n Hyperref: PDFDocEncoding definition (HO)
)
\Hy@SavedSpaceFactor=\count94

(/usr/local/texlive/2016/texmf-dist/tex/latex/latexconfig/hyperref.cfg
File: hyperref.cfg 2002/06/06 v1.2 hyperref configuration of TeXLive
)
Package hyperref Info: Hyper figures OFF on input line 4446.
Package hyperref Info: Link nesting OFF on input line 4451.
Package hyperref Info: Hyper index ON on input line 4454.
Package hyperref Info: Plain pages OFF on input line 4461.
Package hyperref Info: Backreferencing OFF on input line 4466.
Package hyperref Info: Implicit mode ON; LaTeX internals redefined.
Package hyperref Info: Bookmarks ON on input line 4691.
\c@Hy@tempcnt=\count95
LaTeX Info: Redefining \url on input line 5044.
\XeTeXLinkMargin=\dimen118
\Fld@menulength=\count96
\Field@Width=\dimen119
\Fld@charsize=\dimen120
Package hyperref Info: Hyper figures OFF on input line 6298.
Package hyperref Info: Link nesting OFF on input line 6303.
Package hyperref Info: Hyper index ON on input line 6306.
Package hyperref Info: backreferencing OFF on input line 6313.
Package hyperref Info: Link coloring OFF on input line 6318.
Package hyperref Info: Link coloring with OCG OFF on input line 6323.
Package hyperref Info: PDF/A mode OFF on input line 6328.
LaTeX Info: Redefining \ref on input line 6368.
LaTeX Info: Redefining \pageref on input line 6372.
\Hy@abspage=\count97
\c@Item=\count98
\c@Hfootnote=\count99
)

Package hyperref Message: Driver (autodetected): hpdftex.

(/usr/local/texlive/2016/texmf-dist/tex/latex/hyperref/hpdftex.def
File: hpdftex.def 2016/05/05 v6.83n Hyperref driver for pdfTeX
\Fld@listcount=\count100
\c@bookmark@seq@number=\count101

(/usr/local/texlive/2016/texmf-dist/tex/latex/oberdiek/rerunfilecheck.sty
Package: rerunfilecheck 2016/05/16 v1.8 Rerun checks for auxiliary files (HO)
Package uniquecounter Info: New unique counter `rerunfilecheck' on input line 2
82.
)
\Hy@SectionHShift=\skip44
)
(/usr/local/texlive/2016/texmf-dist/tex/latex/fancyhdr/fancyhdr.sty
\fancy@headwidth=\skip45
\f@ncyO@elh=\skip46
\f@ncyO@erh=\skip47
\f@ncyO@olh=\skip48
\f@ncyO@orh=\skip49
\f@ncyO@elf=\skip50
\f@ncyO@erf=\skip51
\f@ncyO@olf=\skip52
\f@ncyO@orf=\skip53
)
(/usr/local/texlive/2016/texmf-dist/tex/latex/amsmath/amsmath.sty
Package: amsmath 2016/03/10 v2.15b AMS math features
\@mathmargin=\skip54

For additional information on amsmath, use the `?' option.
(/usr/local/texlive/2016/texmf-dist/tex/latex/amsmath/amstext.sty
Package: amstext 2000/06/29 v2.01 AMS text

(/usr/local/texlive/2016/texmf-dist/tex/latex/amsmath/amsgen.sty
File: amsgen.sty 1999/11/30 v2.0 generic functions
\@emptytoks=\toks18
\ex@=\dimen121
))
(/usr/local/texlive/2016/texmf-dist/tex/latex/amsmath/amsbsy.sty
Package: amsbsy 1999/11/29 v1.2d Bold Symbols
\pmbraise@=\dimen122
)
(/usr/local/texlive/2016/texmf-dist/tex/latex/amsmath/amsopn.sty
Package: amsopn 2016/03/08 v2.02 operator names
)
\inf@bad=\count102
LaTeX Info: Redefining \frac on input line 199.
\uproot@=\count103
\leftroot@=\count104
LaTeX Info: Redefining \overline on input line 297.
\classnum@=\count105
\DOTSCASE@=\count106
LaTeX Info: Redefining \ldots on input line 394.
LaTeX Info: Redefining \dots on input line 397.
LaTeX Info: Redefining \cdots on input line 518.
\Mathstrutbox@=\box26
\strutbox@=\box27
\big@size=\dimen123
LaTeX Font Info:    Redeclaring font encoding OML on input line 634.
LaTeX Font Info:    Redeclaring font encoding OMS on input line 635.
\macc@depth=\count107
\c@MaxMatrixCols=\count108
\dotsspace@=\muskip11
\c@parentequation=\count109
\dspbrk@lvl=\count110
\tag@help=\toks19
\row@=\count111
\column@=\count112
\maxfields@=\count113
\andhelp@=\toks20
\eqnshift@=\dimen124
\alignsep@=\dimen125
\tagshift@=\dimen126
\tagwidth@=\dimen127
\totwidth@=\dimen128
\lineht@=\dimen129
\@envbody=\toks21
\multlinegap=\skip55
\multlinetaggap=\skip56
\mathdisplay@stack=\toks22
LaTeX Info: Redefining \[ on input line 2739.
LaTeX Info: Redefining \] on input line 2740.
)
(/usr/local/texlive/2016/texmf-dist/tex/latex/amsfonts/amssymb.sty
Package: amssymb 2013/01/14 v3.01 AMS font symbols

(/usr/local/texlive/2016/texmf-dist/tex/latex/amsfonts/amsfonts.sty
Package: amsfonts 2013/01/14 v3.01 Basic AMSFonts support
\symAMSa=\mathgroup4
\symAMSb=\mathgroup5
LaTeX Font Info:    Overwriting math alphabet `\mathfrak' in version `bold'
(Font)                  U/euf/m/n --> U/euf/b/n on input line 106.
))
(/usr/local/texlive/2016/texmf-dist/tex/latex/tools/longtable.sty
Package: longtable 2014/10/28 v4.11 Multi-page Table package (DPC)
\LTleft=\skip57
\LTright=\skip58
\LTpre=\skip59
\LTpost=\skip60
\LTchunksize=\count114
\LTcapwidth=\dimen130
\LT@head=\box28
\LT@firsthead=\box29
\LT@foot=\box30
\LT@lastfoot=\box31
\LT@cols=\count115
\LT@rows=\count116
\c@LT@tables=\count117
\c@LT@chunks=\count118
\LT@p@ftn=\toks23
)
(/usr/local/texlive/2016/texmf-dist/tex/latex/graphics/lscape.sty
Package: lscape 2000/10/22 v3.01 Landscape Pages (DPC)
)
(/usr/local/texlive/2016/texmf-dist/tex/latex/natbib/natbib.sty
Package: natbib 2010/09/13 8.31b (PWD, AO)
\bibhang=\skip61
\bibsep=\skip62
LaTeX Info: Redefining \cite on input line 694.
\c@NAT@ctr=\count119
)
(/usr/local/texlive/2016/texmf-dist/tex/latex/tools/xspace.sty
Package: xspace 2014/10/28 v1.13 Space after command names (DPC,MH)
)
(/usr/local/texlive/2016/texmf-dist/tex/latex/base/textcomp.sty
Package: textcomp 2005/09/27 v1.99g Standard LaTeX package
Package textcomp Info: Sub-encoding information:
(textcomp)               5 = only ISO-Adobe without \textcurrency
(textcomp)               4 = 5 + \texteuro
(textcomp)               3 = 4 + \textohm
(textcomp)               2 = 3 + \textestimated + \textcurrency
(textcomp)               1 = TS1 - \textcircled - \t
(textcomp)               0 = TS1 (full)
(textcomp)             Font families with sub-encoding setting implement
(textcomp)             only a restricted character set as indicated.
(textcomp)             Family '?' is the default used for unknown fonts.
(textcomp)             See the documentation for details.
Package textcomp Info: Setting ? sub-encoding to TS1/1 on input line 79.

(/usr/local/texlive/2016/texmf-dist/tex/latex/base/ts1enc.def
File: ts1enc.def 2001/06/05 v3.0e (jk/car/fm) Standard LaTeX file
)
LaTeX Info: Redefining \oldstylenums on input line 334.
Package textcomp Info: Setting cmr sub-encoding to TS1/0 on input line 349.
Package textcomp Info: Setting cmss sub-encoding to TS1/0 on input line 350.
Package textcomp Info: Setting cmtt sub-encoding to TS1/0 on input line 351.
Package textcomp Info: Setting cmvtt sub-encoding to TS1/0 on input line 352.
Package textcomp Info: Setting cmbr sub-encoding to TS1/0 on input line 353.
Package textcomp Info: Setting cmtl sub-encoding to TS1/0 on input line 354.
Package textcomp Info: Setting ccr sub-encoding to TS1/0 on input line 355.
Package textcomp Info: Setting ptm sub-encoding to TS1/4 on input line 356.
Package textcomp Info: Setting pcr sub-encoding to TS1/4 on input line 357.
Package textcomp Info: Setting phv sub-encoding to TS1/4 on input line 358.
Package textcomp Info: Setting ppl sub-encoding to TS1/3 on input line 359.
Package textcomp Info: Setting pag sub-encoding to TS1/4 on input line 360.
Package textcomp Info: Setting pbk sub-encoding to TS1/4 on input line 361.
Package textcomp Info: Setting pnc sub-encoding to TS1/4 on input line 362.
Package textcomp Info: Setting pzc sub-encoding to TS1/4 on input line 363.
Package textcomp Info: Setting bch sub-encoding to TS1/4 on input line 364.
Package textcomp Info: Setting put sub-encoding to TS1/5 on input line 365.
Package textcomp Info: Setting uag sub-encoding to TS1/5 on input line 366.
Package textcomp Info: Setting ugq sub-encoding to TS1/5 on input line 367.
Package textcomp Info: Setting ul8 sub-encoding to TS1/4 on input line 368.
Package textcomp Info: Setting ul9 sub-encoding to TS1/4 on input line 369.
Package textcomp Info: Setting augie sub-encoding to TS1/5 on input line 370.
Package textcomp Info: Setting dayrom sub-encoding to TS1/3 on input line 371.
Package textcomp Info: Setting dayroms sub-encoding to TS1/3 on input line 372.

Package textcomp Info: Setting pxr sub-encoding to TS1/0 on input line 373.
Package textcomp Info: Setting pxss sub-encoding to TS1/0 on input line 374.
Package textcomp Info: Setting pxtt sub-encoding to TS1/0 on input line 375.
Package textcomp Info: Setting txr sub-encoding to TS1/0 on input line 376.
Package textcomp Info: Setting txss sub-encoding to TS1/0 on input line 377.
Package textcomp Info: Setting txtt sub-encoding to TS1/0 on input line 378.
Package textcomp Info: Setting lmr sub-encoding to TS1/0 on input line 379.
Package textcomp Info: Setting lmdh sub-encoding to TS1/0 on input line 380.
Package textcomp Info: Setting lmss sub-encoding to TS1/0 on input line 381.
Package textcomp Info: Setting lmssq sub-encoding to TS1/0 on input line 382.
Package textcomp Info: Setting lmvtt sub-encoding to TS1/0 on input line 383.
Package textcomp Info: Setting lmtt sub-encoding to TS1/0 on input line 384.
Package textcomp Info: Setting qhv sub-encoding to TS1/0 on input line 385.
Package textcomp Info: Setting qag sub-encoding to TS1/0 on input line 386.
Package textcomp Info: Setting qbk sub-encoding to TS1/0 on input line 387.
Package textcomp Info: Setting qcr sub-encoding to TS1/0 on input line 388.
Package textcomp Info: Setting qcs sub-encoding to TS1/0 on input line 389.
Package textcomp Info: Setting qpl sub-encoding to TS1/0 on input line 390.
Package textcomp Info: Setting qtm sub-encoding to TS1/0 on input line 391.
Package textcomp Info: Setting qzc sub-encoding to TS1/0 on input line 392.
Package textcomp Info: Setting qhvc sub-encoding to TS1/0 on input line 393.
Package textcomp Info: Setting futs sub-encoding to TS1/4 on input line 394.
Package textcomp Info: Setting futx sub-encoding to TS1/4 on input line 395.
Package textcomp Info: Setting futj sub-encoding to TS1/4 on input line 396.
Package textcomp Info: Setting hlh sub-encoding to TS1/3 on input line 397.
Package textcomp Info: Setting hls sub-encoding to TS1/3 on input line 398.
Package textcomp Info: Setting hlst sub-encoding to TS1/3 on input line 399.
Package textcomp Info: Setting hlct sub-encoding to TS1/5 on input line 400.
Package textcomp Info: Setting hlx sub-encoding to TS1/5 on input line 401.
Package textcomp Info: Setting hlce sub-encoding to TS1/5 on input line 402.
Package textcomp Info: Setting hlcn sub-encoding to TS1/5 on input line 403.
Package textcomp Info: Setting hlcw sub-encoding to TS1/5 on input line 404.
Package textcomp Info: Setting hlcf sub-encoding to TS1/5 on input line 405.
Package textcomp Info: Setting pplx sub-encoding to TS1/3 on input line 406.
Package textcomp Info: Setting pplj sub-encoding to TS1/3 on input line 407.
Package textcomp Info: Setting ptmx sub-encoding to TS1/4 on input line 408.
Package textcomp Info: Setting ptmj sub-encoding to TS1/4 on input line 409.
)
(/usr/local/texlive/2016/texmf-dist/tex/latex/float/float.sty
Package: float 2001/11/08 v1.3d Float enhancements (AL)
\c@float@type=\count120
\float@exts=\toks24
\float@box=\box32
\@float@everytoks=\toks25
\@floatcapt=\box33
)
(/usr/local/texlive/2016/texmf-dist/tex/latex/booktabs/booktabs.sty
Package: booktabs 2016/04/27 v1.618033 publication quality tables
\heavyrulewidth=\dimen131
\lightrulewidth=\dimen132
\cmidrulewidth=\dimen133
\belowrulesep=\dimen134
\belowbottomsep=\dimen135
\aboverulesep=\dimen136
\abovetopsep=\dimen137
\cmidrulesep=\dimen138
\cmidrulekern=\dimen139
\defaultaddspace=\dimen140
\@cmidla=\count121
\@cmidlb=\count122
\@aboverulesep=\dimen141
\@belowrulesep=\dimen142
\@thisruleclass=\count123
\@lastruleclass=\count124
\@thisrulewidth=\dimen143
)
(/usr/local/texlive/2016/texmf-dist/tex/latex/caption/subcaption.sty
Package: subcaption 2016/02/20 v1.1-142 Sub-captions (AR)

(/usr/local/texlive/2016/texmf-dist/tex/latex/caption/caption.sty
Package: caption 2016/02/21 v3.3-144 Customizing captions (AR)

(/usr/local/texlive/2016/texmf-dist/tex/latex/caption/caption3.sty
Package: caption3 2016/02/04 v1.7-139 caption3 kernel (AR)
Package caption3 Info: TeX engine: e-TeX on input line 67.
\captionmargin=\dimen144
\captionmargin@=\dimen145
\captionwidth=\dimen146
\caption@tempdima=\dimen147
\caption@indent=\dimen148
\caption@parindent=\dimen149
\caption@hangindent=\dimen150
)
\c@ContinuedFloat=\count125
Package caption Info: float package is loaded.
Package caption Info: hyperref package is loaded.
Package caption Info: longtable package is loaded.

(/usr/local/texlive/2016/texmf-dist/tex/latex/caption/ltcaption.sty
Package: ltcaption 2013/06/09 v1.4-94 longtable captions (AR)
))
\c@subfigure=\count126
\c@subtable=\count127
)
(/usr/local/texlive/2016/texmf-dist/tex/latex/psnfss/helvet.sty
Package: helvet 2005/04/12 PSNFSS-v9.2a (WaS) 
)
(/usr/local/texlive/2016/texmf-dist/tex/latex/upquote/upquote.sty
Package: upquote 2012/04/19 v1.3 upright-quote and grave-accent glyphs in verba
tim
)
(./scRNAseq_clusteringv5.aux

LaTeX Warning: Label `fig:simDataKumar' multiply defined.


LaTeX Warning: Label `fig:arirank' multiply defined.


LaTeX Warning: Label `fig:arifilt' multiply defined.

)
\openout1 = `scRNAseq_clusteringv5.aux'.

LaTeX Font Info:    Checking defaults for OML/cmm/m/it on input line 89.
LaTeX Font Info:    ... okay on input line 89.
LaTeX Font Info:    Checking defaults for T1/cmr/m/n on input line 89.
LaTeX Font Info:    ... okay on input line 89.
LaTeX Font Info:    Checking defaults for OT1/cmr/m/n on input line 89.
LaTeX Font Info:    ... okay on input line 89.
LaTeX Font Info:    Checking defaults for OMS/cmsy/m/n on input line 89.
LaTeX Font Info:    ... okay on input line 89.
LaTeX Font Info:    Checking defaults for OMX/cmex/m/n on input line 89.
LaTeX Font Info:    ... okay on input line 89.
LaTeX Font Info:    Checking defaults for U/cmr/m/n on input line 89.
LaTeX Font Info:    ... okay on input line 89.
LaTeX Font Info:    Checking defaults for PD1/pdf/m/n on input line 89.
LaTeX Font Info:    ... okay on input line 89.
LaTeX Font Info:    Checking defaults for TS1/cmr/m/n on input line 89.
LaTeX Font Info:    Try loading font information for TS1+cmr on input line 89.
 (/usr/local/texlive/2016/texmf-dist/tex/latex/base/ts1cmr.fd
File: ts1cmr.fd 2014/09/29 v2.5h Standard LaTeX font definitions
)
LaTeX Font Info:    ... okay on input line 89.

(/usr/local/texlive/2016/texmf-dist/tex/context/base/mkii/supp-pdf.mkii
[Loading MPS to PDF converter (version 2006.09.02).]
\scratchcounter=\count128
\scratchdimen=\dimen151
\scratchbox=\box34
\nofMPsegments=\count129
\nofMParguments=\count130
\everyMPshowfont=\toks26
\MPscratchCnt=\count131
\MPscratchDim=\dimen152
\MPnumerator=\count132
\makeMPintoPDFobject=\count133
\everyMPtoPDFconversion=\toks27
) (/usr/local/texlive/2016/texmf-dist/tex/latex/oberdiek/epstopdf-base.sty
Package: epstopdf-base 2016/05/15 v2.6 Base part for package epstopdf

(/usr/local/texlive/2016/texmf-dist/tex/latex/oberdiek/grfext.sty
Package: grfext 2016/05/16 v1.2 Manage graphics extensions (HO)
)
Package grfext Info: Graphics extension search list:
(grfext)             [.png,.pdf,.jpg,.mps,.jpeg,.jbig2,.jb2,.PNG,.PDF,.JPG,.JPE
G,.JBIG2,.JB2,.eps]
(grfext)             \AppendGraphicsExtensions on input line 456.

(/usr/local/texlive/2016/texmf-dist/tex/latex/latexconfig/epstopdf-sys.cfg
File: epstopdf-sys.cfg 2010/07/13 v1.3 Configuration of (r)epstopdf for TeX Liv
e
))
*geometry* driver: auto-detecting
*geometry* detected driver: pdftex
*geometry* verbose mode - [ preamble ] result:
* driver: pdftex
* paper: a4paper
* layout: <same size as paper>
* layoutoffset:(h,v)=(0.0pt,0.0pt)
* modes: 
* h-part:(L,W,R)=(71.13188pt, 455.24411pt, 71.13188pt)
* v-part:(T,H,B)=(102.42992pt, 674.33032pt, 68.2866pt)
* \paperwidth=597.50787pt
* \paperheight=845.04684pt
* \textwidth=455.24411pt
* \textheight=674.33032pt
* \oddsidemargin=-1.1381pt
* \evensidemargin=-1.1381pt
* \topmargin=-55.81723pt
* \headheight=12.0pt
* \headsep=73.97716pt
* \topskip=12.0pt
* \footskip=42.67912pt
* \marginparwidth=35.0pt
* \marginparsep=10.0pt
* \columnsep=10.0pt
* \skip\footins=10.8pt plus 4.0pt minus 2.0pt
* \hoffset=0.0pt
* \voffset=0.0pt
* \mag=1000
* \@twocolumnfalse
* \@twosidefalse
* \@mparswitchfalse
* \@reversemarginfalse
* (1in=72.27pt=25.4mm, 1cm=28.453pt)

\AtBeginShipoutBox=\box35
Package hyperref Info: Link coloring OFF on input line 89.
(/usr/local/texlive/2016/texmf-dist/tex/latex/hyperref/nameref.sty
Package: nameref 2012/10/27 v2.43 Cross-referencing by name of section

(/usr/local/texlive/2016/texmf-dist/tex/generic/oberdiek/gettitlestring.sty
Package: gettitlestring 2016/05/16 v1.5 Cleanup title references (HO)
)
\c@section@level=\count134
)
LaTeX Info: Redefining \ref on input line 89.
LaTeX Info: Redefining \pageref on input line 89.
LaTeX Info: Redefining \nameref on input line 89.

(./scRNAseq_clusteringv5.out) (./scRNAseq_clusteringv5.out)
\@outlinefile=\write3
\openout3 = `scRNAseq_clusteringv5.out'.

Package caption Info: Begin \AtBeginDocument code.
Package caption Info: End \AtBeginDocument code.
 [0

{/usr/local/texlive/2016/texmf-var/fonts/map/pdftex/updmap/pdftex.map}] [1

]
(./scRNAseq_clusteringv5.toc
LaTeX Font Info:    Try loading font information for U+msa on input line 3.

(/usr/local/texlive/2016/texmf-dist/tex/latex/amsfonts/umsa.fd
File: umsa.fd 2013/01/14 v3.01 AMS symbols A
)
LaTeX Font Info:    Try loading font information for U+msb on input line 3.

(/usr/local/texlive/2016/texmf-dist/tex/latex/amsfonts/umsb.fd
File: umsb.fd 2013/01/14 v3.01 AMS symbols B
))
\tf@toc=\write4
\openout4 = `scRNAseq_clusteringv5.toc'.

 [2] [3]
Overfull \hbox (0.49098pt too wide) in paragraph at lines 157--158
[]\OT1/cmr/m/n/12 In gen-eral, scRNA-seq ex-per-i-ments con-sist of high-dimens
ional data. High-dimensional
 []


</Users/angeloduo/Desktop/masterarbeit/scRNAseq_clustering_comparison/report/fi
gures/RNA-Seq_workflow.pdf, id=149, 845.04686pt x 597.50786pt>
File: /Users/angeloduo/Desktop/masterarbeit/scRNAseq_clustering_comparison/repo
rt/figures/RNA-Seq_workflow.pdf Graphic file (type pdf)

<use /Users/angeloduo/Desktop/masterarbeit/scRNAseq_clustering_comparison/repor
t/figures/RNA-Seq_workflow.pdf>
Package pdftex.def Info: /Users/angeloduo/Desktop/masterarbeit/scRNAseq_cluster
ing_comparison/report/figures/RNA-Seq_workflow.pdf used on input line 162.
(pdftex.def)             Requested size: 361.34999pt x 255.50108pt.
 [4 </Users/angeloduo/Desktop/masterarbeit/scRNAseq_clustering_comparison/repor
t/figures/RNA-Seq_workflow.pdf>] [5

]
Overfull \hbox (25.46533pt too wide) in paragraph at lines 190--191
 []\OT1/cmr/bx/n/12 SNNcliq[] \OT1/cmr/m/n/12 SNNcliq com-putes a shared neares
t-neighbour-graph based on the high-dimensional
 []

[6] [7]

LaTeX Warning: Reference `butler2017integrated' on page 8 undefined on input li
ne 221.

[8]
</Users/angeloduo/Desktop/masterarbeit/scRNAseq_clustering_comparison/results/Q
C_data/plot_data_tsne.pdf, id=1559, 939.51pt x 578.16pt>
File: /Users/angeloduo/Desktop/masterarbeit/scRNAseq_clustering_comparison/resu
lts/QC_data/plot_data_tsne.pdf Graphic file (type pdf)

<use /Users/angeloduo/Desktop/masterarbeit/scRNAseq_clustering_comparison/resul
ts/QC_data/plot_data_tsne.pdf>
Package pdftex.def Info: /Users/angeloduo/Desktop/masterarbeit/scRNAseq_cluster
ing_comparison/results/QC_data/plot_data_tsne.pdf used on input line 227.
(pdftex.def)             Requested size: 505.89pt x 311.31073pt.

Overfull \hbox (50.64589pt too wide) in paragraph at lines 227--228
[][] 
 []


LaTeX Warning: Reference `(' on page 9 undefined on input line 233.


LaTeX Warning: Reference `tab:data' on page 9 undefined on input line 233.


Overfull \hbox (70.54892pt too wide) in paragraph at lines 232--234
\OT1/cmr/m/n/12 the 10xChromium repos-i-tory: []$\OT1/cmtt/m/n/12 https : / / s
upport . 10xgenomics . com / single-[]cell-[]gene-[]expression /
 []

[9 </Users/angeloduo/Desktop/masterarbeit/scRNAseq_clustering_comparison/result
s/QC_data/plot_data_tsne.pdf>]
Missing character: There is no Ë in font cmr12!
Missing character: There is no œ in font cmr12!
Missing character: There is no Î in font cmr12!
Missing character: There is no ± in font cmr12!

Overfull \hbox (74.30533pt too wide) in paragraph at lines 251--263
 [][] 
 []


</Users/angeloduo/Desktop/masterarbeit/scRNAseq_clustering_comparison/results/Q
C_data/meanvarplots_kumar2015.pdf, id=1598, 505.89pt x 505.89pt>
File: /Users/angeloduo/Desktop/masterarbeit/scRNAseq_clustering_comparison/resu
lts/QC_data/meanvarplots_kumar2015.pdf Graphic file (type pdf)

<use /Users/angeloduo/Desktop/masterarbeit/scRNAseq_clustering_comparison/resul
ts/QC_data/meanvarplots_kumar2015.pdf>
Package pdftex.def Info: /Users/angeloduo/Desktop/masterarbeit/scRNAseq_cluster
ing_comparison/results/QC_data/meanvarplots_kumar2015.pdf used on input line 27
3.
(pdftex.def)             Requested size: 227.62206pt x 227.62523pt.

</Users/angeloduo/Desktop/masterarbeit/scRNAseq_clustering_comparison/results/Q
C_data/meanvarplots_koh2016.pdf, id=1599, 505.89pt x 505.89pt>
File: /Users/angeloduo/Desktop/masterarbeit/scRNAseq_clustering_comparison/resu
lts/QC_data/meanvarplots_koh2016.pdf Graphic file (type pdf)

<use /Users/angeloduo/Desktop/masterarbeit/scRNAseq_clustering_comparison/resul
ts/QC_data/meanvarplots_koh2016.pdf>
Package pdftex.def Info: /Users/angeloduo/Desktop/masterarbeit/scRNAseq_cluster
ing_comparison/results/QC_data/meanvarplots_koh2016.pdf used on input line 279.

(pdftex.def)             Requested size: 227.62206pt x 227.62523pt.

</Users/angeloduo/Desktop/masterarbeit/scRNAseq_clustering_comparison/results/Q
C_data/meanvarplots_trapnell2014.pdf, id=1600, 505.89pt x 505.89pt>
File: /Users/angeloduo/Desktop/masterarbeit/scRNAseq_clustering_comparison/resu
lts/QC_data/meanvarplots_trapnell2014.pdf Graphic file (type pdf)

<use /Users/angeloduo/Desktop/masterarbeit/scRNAseq_clustering_comparison/resul
ts/QC_data/meanvarplots_trapnell2014.pdf>
Package pdftex.def Info: /Users/angeloduo/Desktop/masterarbeit/scRNAseq_cluster
ing_comparison/results/QC_data/meanvarplots_trapnell2014.pdf used on input line
 285.
(pdftex.def)             Requested size: 227.62206pt x 227.62523pt.

</Users/angeloduo/Desktop/masterarbeit/scRNAseq_clustering_comparison/results/Q
C_data/meanvarplots_zhengmix2016.pdf, id=1601, 505.89pt x 505.89pt>
File: /Users/angeloduo/Desktop/masterarbeit/scRNAseq_clustering_comparison/resu
lts/QC_data/meanvarplots_zhengmix2016.pdf Graphic file (type pdf)

<use /Users/angeloduo/Desktop/masterarbeit/scRNAseq_clustering_comparison/resul
ts/QC_data/meanvarplots_zhengmix2016.pdf>
Package pdftex.def Info: /Users/angeloduo/Desktop/masterarbeit/scRNAseq_cluster
ing_comparison/results/QC_data/meanvarplots_zhengmix2016.pdf used on input line
 291.
(pdftex.def)             Requested size: 227.62206pt x 227.62523pt.
 [10] [11 </Users/angeloduo/Desktop/masterarbeit/scRNAseq_clustering_comparison
/results/QC_data/meanvarplots_kumar2015.pdf> </Users/angeloduo/Desktop/masterar
beit/scRNAseq_clustering_comparison/results/QC_data/meanvarplots_koh2016.pdf> <
/Users/angeloduo/Desktop/masterarbeit/scRNAseq_clustering_comparison/results/QC
_data/meanvarplots_trapnell2014.pdf> </Users/angeloduo/Desktop/masterarbeit/scR
NAseq_clustering_comparison/results/QC_data/meanvarplots_zhengmix2016.pdf>] [12
]

LaTeX Warning: Reference `fig:transkumar' on page 13 undefined on input line 34
4.

[13] [14]
Overfull \hbox (52.71718pt too wide) in paragraph at lines 410--410
[]\OT1/cmr/bx/n/12 minNonZeroPortion| 
 []


Overfull \hbox (16.33894pt too wide) in paragraph at lines 410--410
[]\OT1/cmr/m/n/12 0.75,0.75,0.1,0.75,0.75,0.75| 
 []


Overfull \hbox (29.02866pt too wide) in paragraph at lines 410--410
[]\OT1/cmr/m/n/12 0.75,0.75,0.1,0.75,0.75,0.75| 
 []


Overfull \hbox (20.21625pt too wide) in paragraph at lines 410--410
[]\OT1/cmr/m/n/12 0.75,0.75,0.1,0.75,0.75,0.75| 
 []


Overfull \hbox (6.94383pt too wide) in paragraph at lines 410--410
[]\OT1/cmr/bx/n/12 BE[]strength| 
 []


Overfull \hbox (35.29826pt too wide) in paragraph at lines 410--410
[]\OT1/cmr/bx/n/12 pct[]dropout[]max| 
 []


Overfull \hbox (32.1188pt too wide) in paragraph at lines 410--410
[]\OT1/cmr/bx/n/12 minexpr[]percent| 
 []

[15] [16] [17] [18]
Overfull \hbox (45.21405pt too wide) in paragraph at lines 480--498
 [][] 
 []

[19]
</Users/angeloduo/Desktop/masterarbeit/scRNAseq_clustering_comparison/results/p
lots/plot_ari_all.pdf, id=1771, 939.51pt x 578.16pt>
File: /Users/angeloduo/Desktop/masterarbeit/scRNAseq_clustering_comparison/resu
lts/plots/plot_ari_all.pdf Graphic file (type pdf)

<use /Users/angeloduo/Desktop/masterarbeit/scRNAseq_clustering_comparison/resul
ts/plots/plot_ari_all.pdf>
Package pdftex.def Info: /Users/angeloduo/Desktop/masterarbeit/scRNAseq_cluster
ing_comparison/results/plots/plot_ari_all.pdf used on input line 517.
(pdftex.def)             Requested size: 505.89pt x 311.31073pt.

Overfull \hbox (50.64589pt too wide) in paragraph at lines 517--518
[][] 
 []


LaTeX Warning: `!h' float specifier changed to `!ht'.


</Users/angeloduo/Desktop/masterarbeit/scRNAseq_clustering_comparison/results/p
lots/plot_ari_rank_all.pdf, id=1772, 1156.32pt x 722.7pt>
File: /Users/angeloduo/Desktop/masterarbeit/scRNAseq_clustering_comparison/resu
lts/plots/plot_ari_rank_all.pdf Graphic file (type pdf)

<use /Users/angeloduo/Desktop/masterarbeit/scRNAseq_clustering_comparison/resul
ts/plots/plot_ari_rank_all.pdf>
Package pdftex.def Info: /Users/angeloduo/Desktop/masterarbeit/scRNAseq_cluster
ing_comparison/results/plots/plot_ari_rank_all.pdf used on input line 523.
(pdftex.def)             Requested size: 361.34999pt x 225.84319pt.


LaTeX Warning: `!h' float specifier changed to `!ht'.


</Users/angeloduo/Desktop/masterarbeit/scRNAseq_clustering_comparison/results/p
lots/plot_ari_diff_maxscore_all.pdf, id=1773, 939.51pt x 578.16pt>
File: /Users/angeloduo/Desktop/masterarbeit/scRNAseq_clustering_comparison/resu
lts/plots/plot_ari_diff_maxscore_all.pdf Graphic file (type pdf)

<use /Users/angeloduo/Desktop/masterarbeit/scRNAseq_clustering_comparison/resul
ts/plots/plot_ari_diff_maxscore_all.pdf>
Package pdftex.def Info: /Users/angeloduo/Desktop/masterarbeit/scRNAseq_cluster
ing_comparison/results/plots/plot_ari_diff_maxscore_all.pdf used on input line 
531.
(pdftex.def)             Requested size: 505.89pt x 311.31073pt.

Overfull \hbox (50.64589pt too wide) in paragraph at lines 531--532
[][] 
 []


LaTeX Warning: `!h' float specifier changed to `!ht'.

[20

] [21 </Users/angeloduo/Desktop/masterarbeit/scRNAseq_clustering_comparison/res
ults/plots/plot_ari_all.pdf> </Users/angeloduo/Desktop/masterarbeit/scRNAseq_cl
ustering_comparison/results/plots/plot_ari_rank_all.pdf>]
Missing character: There is no â in font cmr12!
Missing character: There is no € in font cmr12!
Missing character: There is no ™ in font cmr12!
Missing character: There is no â in font cmr12!
Missing character: There is no € in font cmr12!
Missing character: There is no ™ in font cmr12!
Missing character: There is no â in font cmr12!
Missing character: There is no € in font cmr12!
Missing character: There is no ™ in font cmr12!
 [22 </Users/angeloduo/Desktop/masterarbeit/scRNAseq_clustering_comparison/resu
lts/plots/plot_ari_diff_maxscore_all.pdf>]
Missing character: There is no â in font cmr12!
Missing character: There is no € in font cmr12!
Missing character: There is no ™ in font cmr12!
 [23]
Overfull \hbox (45.61693pt too wide) in paragraph at lines 578--579
\OT1/cmr/m/n/12 tated. One supop-u-la-tion-ssub-pop-u-la-tion was re-moved dur-
ing the fil-ter-ing steps (D3GARPpCrdcM).
 []


</Users/angeloduo/Desktop/masterarbeit/scRNAseq_clustering_comparison/results/p
lots/plot_ari_krange_ncluster_all.pdf, id=1839, 794.97pt x 722.7pt>
File: /Users/angeloduo/Desktop/masterarbeit/scRNAseq_clustering_comparison/resu
lts/plots/plot_ari_krange_ncluster_all.pdf Graphic file (type pdf)

<use /Users/angeloduo/Desktop/masterarbeit/scRNAseq_clustering_comparison/resul
ts/plots/plot_ari_krange_ncluster_all.pdf>
Package pdftex.def Info: /Users/angeloduo/Desktop/masterarbeit/scRNAseq_cluster
ing_comparison/results/plots/plot_ari_krange_ncluster_all.pdf used on input lin
e 587.
(pdftex.def)             Requested size: 361.34999pt x 328.50922pt.


LaTeX Warning: `!h' float specifier changed to `!ht'.


</Users/angeloduo/Desktop/masterarbeit/scRNAseq_clustering_comparison/results/p
lots/stability_subsample_boot.pdf, id=1841, 722.7pt x 289.08pt>
File: /Users/angeloduo/Desktop/masterarbeit/scRNAseq_clustering_comparison/resu
lts/plots/stability_subsample_boot.pdf Graphic file (type pdf)

<use /Users/angeloduo/Desktop/masterarbeit/scRNAseq_clustering_comparison/resul
ts/plots/stability_subsample_boot.pdf>
Package pdftex.def Info: /Users/angeloduo/Desktop/masterarbeit/scRNAseq_cluster
ing_comparison/results/plots/stability_subsample_boot.pdf used on input line 60
0.
(pdftex.def)             Requested size: 361.34999pt x 144.53964pt.
 [24] [25 </Users/angeloduo/Desktop/masterarbeit/scRNAseq_clustering_comparison
/results/plots/plot_ari_krange_ncluster_all.pdf> </Users/angeloduo/Desktop/mast
erarbeit/scRNAseq_clustering_comparison/results/plots/stability_subsample_boot.
pdf>] [26]
</Users/angeloduo/Desktop/masterarbeit/scRNAseq_clustering_comparison/results/p
lots/runtimeslog.pdf, id=1869, 722.7pt x 289.08pt>
File: /Users/angeloduo/Desktop/masterarbeit/scRNAseq_clustering_comparison/resu
lts/plots/runtimeslog.pdf Graphic file (type pdf)

<use /Users/angeloduo/Desktop/masterarbeit/scRNAseq_clustering_comparison/resul
ts/plots/runtimeslog.pdf>
Package pdftex.def Info: /Users/angeloduo/Desktop/masterarbeit/scRNAseq_cluster
ing_comparison/results/plots/runtimeslog.pdf used on input line 612.
(pdftex.def)             Requested size: 361.34999pt x 144.53964pt.


Package hyperref Warning: Token not allowed in a PDF string (PDFDocEncoding):
(hyperref)                removing `\\' on input line 626.


</Users/angeloduo/Desktop/masterarbeit/scRNAseq_clustering_comparison/results/Q
C_data/hist_Kumar2014.pdf, id=1873, 505.89pt x 505.89pt>
File: /Users/angeloduo/Desktop/masterarbeit/scRNAseq_clustering_comparison/resu
lts/QC_data/hist_Kumar2014.pdf Graphic file (type pdf)

<use /Users/angeloduo/Desktop/masterarbeit/scRNAseq_clustering_comparison/resul
ts/QC_data/hist_Kumar2014.pdf>
Package pdftex.def Info: /Users/angeloduo/Desktop/masterarbeit/scRNAseq_cluster
ing_comparison/results/QC_data/hist_Kumar2014.pdf used on input line 629.
(pdftex.def)             Requested size: 289.07999pt x 289.08589pt.


LaTeX Warning: `!h' float specifier changed to `!ht'.


</Users/angeloduo/Desktop/masterarbeit/scRNAseq_clustering_comparison/results/Q
C_data/hist_Trapnell2014.pdf, id=1874, 505.89pt x 505.89pt>
File: /Users/angeloduo/Desktop/masterarbeit/scRNAseq_clustering_comparison/resu
lts/QC_data/hist_Trapnell2014.pdf Graphic file (type pdf)

<use /Users/angeloduo/Desktop/masterarbeit/scRNAseq_clustering_comparison/resul
ts/QC_data/hist_Trapnell2014.pdf>
Package pdftex.def Info: /Users/angeloduo/Desktop/masterarbeit/scRNAseq_cluster
ing_comparison/results/QC_data/hist_Trapnell2014.pdf used on input line 635.
(pdftex.def)             Requested size: 361.34999pt x 361.35352pt.


LaTeX Warning: `!h' float specifier changed to `!ht'.


</Users/angeloduo/Desktop/masterarbeit/scRNAseq_clustering_comparison/results/Q
C_data/hist_Koh2016.pdf, id=1875, 505.89pt x 505.89pt>
File: /Users/angeloduo/Desktop/masterarbeit/scRNAseq_clustering_comparison/resu
lts/QC_data/hist_Koh2016.pdf Graphic file (type pdf)

<use /Users/angeloduo/Desktop/masterarbeit/scRNAseq_clustering_comparison/resul
ts/QC_data/hist_Koh2016.pdf>
Package pdftex.def Info: /Users/angeloduo/Desktop/masterarbeit/scRNAseq_cluster
ing_comparison/results/QC_data/hist_Koh2016.pdf used on input line 641.
(pdftex.def)             Requested size: 361.34999pt x 361.35352pt.


LaTeX Warning: `!h' float specifier changed to `!ht'.


</Users/angeloduo/Desktop/masterarbeit/scRNAseq_clustering_comparison/results/Q
C_data/hist_simDataKumar.pdf, id=1876, 505.89pt x 505.89pt>
File: /Users/angeloduo/Desktop/masterarbeit/scRNAseq_clustering_comparison/resu
lts/QC_data/hist_simDataKumar.pdf Graphic file (type pdf)

<use /Users/angeloduo/Desktop/masterarbeit/scRNAseq_clustering_comparison/resul
ts/QC_data/hist_simDataKumar.pdf>
Package pdftex.def Info: /Users/angeloduo/Desktop/masterarbeit/scRNAseq_cluster
ing_comparison/results/QC_data/hist_simDataKumar.pdf used on input line 648.
(pdftex.def)             Requested size: 361.34999pt x 361.35352pt.


LaTeX Warning: `!h' float specifier changed to `!ht'.


</Users/angeloduo/Desktop/masterarbeit/scRNAseq_clustering_comparison/results/Q
C_data/comparison_panel.png, id=1877, 5299.8pt x 8431.5pt>
File: /Users/angeloduo/Desktop/masterarbeit/scRNAseq_clustering_comparison/resu
lts/QC_data/comparison_panel.png Graphic file (type png)

<use /Users/angeloduo/Desktop/masterarbeit/scRNAseq_clustering_comparison/resul
ts/QC_data/comparison_panel.png>
Package pdftex.def Info: /Users/angeloduo/Desktop/masterarbeit/scRNAseq_cluster
ing_comparison/results/QC_data/comparison_panel.png used on input line 656.
(pdftex.def)             Requested size: 361.34999pt x 574.82681pt.


LaTeX Warning: `!h' float specifier changed to `!ht'.


</Users/angeloduo/Desktop/masterarbeit/scRNAseq_clustering_comparison/results/Q
C_data/qc_summary_kumar.png, id=1879, 2649.9pt x 2409.0pt>
File: /Users/angeloduo/Desktop/masterarbeit/scRNAseq_clustering_comparison/resu
lts/QC_data/qc_summary_kumar.png Graphic file (type png)

<use /Users/angeloduo/Desktop/masterarbeit/scRNAseq_clustering_comparison/resul
ts/QC_data/qc_summary_kumar.png>
Package pdftex.def Info: /Users/angeloduo/Desktop/masterarbeit/scRNAseq_cluster
ing_comparison/results/QC_data/qc_summary_kumar.png used on input line 662.
(pdftex.def)             Requested size: 361.34999pt x 328.47246pt.


LaTeX Warning: `!h' float specifier changed to `!ht'.


</Users/angeloduo/Desktop/masterarbeit/scRNAseq_clustering_comparison/results/Q
C_data/qc_summary_trapnell.png, id=1880, 2649.9pt x 2409.0pt>
File: /Users/angeloduo/Desktop/masterarbeit/scRNAseq_clustering_comparison/resu
lts/QC_data/qc_summary_trapnell.png Graphic file (type png)

<use /Users/angeloduo/Desktop/masterarbeit/scRNAseq_clustering_comparison/resul
ts/QC_data/qc_summary_trapnell.png>
Package pdftex.def Info: /Users/angeloduo/Desktop/masterarbeit/scRNAseq_cluster
ing_comparison/results/QC_data/qc_summary_trapnell.png used on input line 668.
(pdftex.def)             Requested size: 361.34999pt x 328.47246pt.


LaTeX Warning: `!h' float specifier changed to `!ht'.


</Users/angeloduo/Desktop/masterarbeit/scRNAseq_clustering_comparison/results/Q
C_data/qc_summary_koh.png, id=1881, 2649.9pt x 2409.0pt>
File: /Users/angeloduo/Desktop/masterarbeit/scRNAseq_clustering_comparison/resu
lts/QC_data/qc_summary_koh.png Graphic file (type png)

<use /Users/angeloduo/Desktop/masterarbeit/scRNAseq_clustering_comparison/resul
ts/QC_data/qc_summary_koh.png>
Package pdftex.def Info: /Users/angeloduo/Desktop/masterarbeit/scRNAseq_cluster
ing_comparison/results/QC_data/qc_summary_koh.png used on input line 674.
(pdftex.def)             Requested size: 361.34999pt x 328.47246pt.


LaTeX Warning: `!h' float specifier changed to `!ht'.


</Users/angeloduo/Desktop/masterarbeit/scRNAseq_clustering_comparison/results/Q
C_data/qc_summary_zheng2016.png, id=1882, 2649.9pt x 2409.0pt>
File: /Users/angeloduo/Desktop/masterarbeit/scRNAseq_clustering_comparison/resu
lts/QC_data/qc_summary_zheng2016.png Graphic file (type png)

<use /Users/angeloduo/Desktop/masterarbeit/scRNAseq_clustering_comparison/resul
ts/QC_data/qc_summary_zheng2016.png>
Package pdftex.def Info: /Users/angeloduo/Desktop/masterarbeit/scRNAseq_cluster
ing_comparison/results/QC_data/qc_summary_zheng2016.png used on input line 680.

(pdftex.def)             Requested size: 361.34999pt x 328.47246pt.


LaTeX Warning: `!h' float specifier changed to `!ht'.


</Users/angeloduo/Desktop/masterarbeit/scRNAseq_clustering_comparison/results/Q
C_data/qc_summary_simDataKumar.png, id=1883, 2649.9pt x 2409.0pt>
File: /Users/angeloduo/Desktop/masterarbeit/scRNAseq_clustering_comparison/resu
lts/QC_data/qc_summary_simDataKumar.png Graphic file (type png)

<use /Users/angeloduo/Desktop/masterarbeit/scRNAseq_clustering_comparison/resul
ts/QC_data/qc_summary_simDataKumar.png>
Package pdftex.def Info: /Users/angeloduo/Desktop/masterarbeit/scRNAseq_cluster
ing_comparison/results/QC_data/qc_summary_simDataKumar.png used on input line 6
86.
(pdftex.def)             Requested size: 361.34999pt x 328.47246pt.


LaTeX Warning: `!h' float specifier changed to `!ht'.


</Users/angeloduo/Desktop/masterarbeit/scRNAseq_clustering_comparison/results/p
lots/optimalk_wss_tsnekmeans.pdf, id=1884, 505.89pt x 505.89pt>
File: /Users/angeloduo/Desktop/masterarbeit/scRNAseq_clustering_comparison/resu
lts/plots/optimalk_wss_tsnekmeans.pdf Graphic file (type pdf)

<use /Users/angeloduo/Desktop/masterarbeit/scRNAseq_clustering_comparison/resul
ts/plots/optimalk_wss_tsnekmeans.pdf>
Package pdftex.def Info: /Users/angeloduo/Desktop/masterarbeit/scRNAseq_cluster
ing_comparison/results/plots/optimalk_wss_tsnekmeans.pdf used on input line 692
.
(pdftex.def)             Requested size: 361.34999pt x 361.35352pt.


LaTeX Warning: `!h' float specifier changed to `!ht'.


</Users/angeloduo/Desktop/masterarbeit/scRNAseq_clustering_comparison/results/p
lots/optimalk_wss.pdf, id=1885, 505.89pt x 505.89pt>
File: /Users/angeloduo/Desktop/masterarbeit/scRNAseq_clustering_comparison/resu
lts/plots/optimalk_wss.pdf Graphic file (type pdf)

<use /Users/angeloduo/Desktop/masterarbeit/scRNAseq_clustering_comparison/resul
ts/plots/optimalk_wss.pdf>
Package pdftex.def Info: /Users/angeloduo/Desktop/masterarbeit/scRNAseq_cluster
ing_comparison/results/plots/optimalk_wss.pdf used on input line 698.
(pdftex.def)             Requested size: 361.34999pt x 361.35352pt.


LaTeX Warning: `!h' float specifier changed to `!ht'.


</Users/angeloduo/Desktop/masterarbeit/scRNAseq_clustering_comparison/results/Q
C_data/qc_summary_simDataKumar2.png, id=1886, 2649.9pt x 2409.0pt>
File: /Users/angeloduo/Desktop/masterarbeit/scRNAseq_clustering_comparison/resu
lts/QC_data/qc_summary_simDataKumar2.png Graphic file (type png)

<use /Users/angeloduo/Desktop/masterarbeit/scRNAseq_clustering_comparison/resul
ts/QC_data/qc_summary_simDataKumar2.png>
Package pdftex.def Info: /Users/angeloduo/Desktop/masterarbeit/scRNAseq_cluster
ing_comparison/results/QC_data/qc_summary_simDataKumar2.png used on input line 
706.
(pdftex.def)             Requested size: 361.34999pt x 328.47246pt.


LaTeX Warning: `!h' float specifier changed to `!ht'.

[27 </Users/angeloduo/Desktop/masterarbeit/scRNAseq_clustering_comparison/resul
ts/plots/runtimeslog.pdf>] [28 </Users/angeloduo/Desktop/masterarbeit/scRNAseq_
clustering_comparison/results/QC_data/hist_Kumar2014.pdf>] [29 </Users/angelodu
o/Desktop/masterarbeit/scRNAseq_clustering_comparison/results/QC_data/hist_Trap
nell2014.pdf>] [30 </Users/angeloduo/Desktop/masterarbeit/scRNAseq_clustering_c
omparison/results/QC_data/hist_Koh2016.pdf>] [31 </Users/angeloduo/Desktop/mast
erarbeit/scRNAseq_clustering_comparison/results/QC_data/hist_simDataKumar.pdf>]
[32 </Users/angeloduo/Desktop/masterarbeit/scRNAseq_clustering_comparison/resul
ts/QC_data/comparison_panel.png>] [33 </Users/angeloduo/Desktop/masterarbeit/sc
RNAseq_clustering_comparison/results/QC_data/qc_summary_kumar.png>] [34 </Users
/angeloduo/Desktop/masterarbeit/scRNAseq_clustering_comparison/results/QC_data/
qc_summary_trapnell.png>] [35 </Users/angeloduo/Desktop/masterarbeit/scRNAseq_c
lustering_comparison/results/QC_data/qc_summary_koh.png>] [36 </Users/angeloduo
/Desktop/masterarbeit/scRNAseq_clustering_comparison/results/QC_data/qc_summary
_zheng2016.png>] [37 </Users/angeloduo/Desktop/masterarbeit/scRNAseq_clustering
_comparison/results/QC_data/qc_summary_simDataKumar.png>] [38 </Users/angeloduo
/Desktop/masterarbeit/scRNAseq_clustering_comparison/results/plots/optimalk_wss
_tsnekmeans.pdf>] [39 </Users/angeloduo/Desktop/masterarbeit/scRNAseq_clusterin
g_comparison/results/plots/optimalk_wss.pdf>] [40 </Users/angeloduo/Desktop/mas
terarbeit/scRNAseq_clustering_comparison/results/QC_data/qc_summary_simDataKuma
r2.png>]
</Users/angeloduo/Desktop/masterarbeit/scRNAseq_clustering_comparison/results/p
lots/plot_ari_smooth.pdf, id=1999, 506.89375pt x 255.95625pt>
File: /Users/angeloduo/Desktop/masterarbeit/scRNAseq_clustering_comparison/resu
lts/plots/plot_ari_smooth.pdf Graphic file (type pdf)

<use /Users/angeloduo/Desktop/masterarbeit/scRNAseq_clustering_comparison/resul
ts/plots/plot_ari_smooth.pdf>
Package pdftex.def Info: /Users/angeloduo/Desktop/masterarbeit/scRNAseq_cluster
ing_comparison/results/plots/plot_ari_smooth.pdf used on input line 714.
(pdftex.def)             Requested size: 361.34999pt x 182.46835pt.

</Users/angeloduo/Desktop/masterarbeit/scRNAseq_clustering_comparison/results/p
lots/plot_f1_filtered_kumar2015.pdf, id=2000, 433.62pt x 433.62pt>
File: /Users/angeloduo/Desktop/masterarbeit/scRNAseq_clustering_comparison/resu
lts/plots/plot_f1_filtered_kumar2015.pdf Graphic file (type pdf)

<use /Users/angeloduo/Desktop/masterarbeit/scRNAseq_clustering_comparison/resul
ts/plots/plot_f1_filtered_kumar2015.pdf>
Package pdftex.def Info: /Users/angeloduo/Desktop/masterarbeit/scRNAseq_cluster
ing_comparison/results/plots/plot_f1_filtered_kumar2015.pdf used on input line 
720.
(pdftex.def)             Requested size: 361.34999pt x 361.36676pt.

</Users/angeloduo/Desktop/masterarbeit/scRNAseq_clustering_comparison/results/p
lots/plot_f1_filtered_trapnell2014.pdf, id=2001, 433.62pt x 433.62pt>
File: /Users/angeloduo/Desktop/masterarbeit/scRNAseq_clustering_comparison/resu
lts/plots/plot_f1_filtered_trapnell2014.pdf Graphic file (type pdf)

<use /Users/angeloduo/Desktop/masterarbeit/scRNAseq_clustering_comparison/resul
ts/plots/plot_f1_filtered_trapnell2014.pdf>
Package pdftex.def Info: /Users/angeloduo/Desktop/masterarbeit/scRNAseq_cluster
ing_comparison/results/plots/plot_f1_filtered_trapnell2014.pdf used on input li
ne 726.
(pdftex.def)             Requested size: 361.34999pt x 361.36676pt.


LaTeX Warning: `!h' float specifier changed to `!ht'.


</Users/angeloduo/Desktop/masterarbeit/scRNAseq_clustering_comparison/results/p
lots/plot_f1_filtered_koh2016.pdf, id=2002, 433.62pt x 433.62pt>
File: /Users/angeloduo/Desktop/masterarbeit/scRNAseq_clustering_comparison/resu
lts/plots/plot_f1_filtered_koh2016.pdf Graphic file (type pdf)

<use /Users/angeloduo/Desktop/masterarbeit/scRNAseq_clustering_comparison/resul
ts/plots/plot_f1_filtered_koh2016.pdf>
Package pdftex.def Info: /Users/angeloduo/Desktop/masterarbeit/scRNAseq_cluster
ing_comparison/results/plots/plot_f1_filtered_koh2016.pdf used on input line 73
2.
(pdftex.def)             Requested size: 361.34999pt x 361.36676pt.


LaTeX Warning: `!h' float specifier changed to `!ht'.


</Users/angeloduo/Desktop/masterarbeit/scRNAseq_clustering_comparison/results/p
lots/plot_f1_filtered_zhengmix2016.pdf, id=2003, 433.62pt x 433.62pt>
File: /Users/angeloduo/Desktop/masterarbeit/scRNAseq_clustering_comparison/resu
lts/plots/plot_f1_filtered_zhengmix2016.pdf Graphic file (type pdf)

<use /Users/angeloduo/Desktop/masterarbeit/scRNAseq_clustering_comparison/resul
ts/plots/plot_f1_filtered_zhengmix2016.pdf>
Package pdftex.def Info: /Users/angeloduo/Desktop/masterarbeit/scRNAseq_cluster
ing_comparison/results/plots/plot_f1_filtered_zhengmix2016.pdf used on input li
ne 738.
(pdftex.def)             Requested size: 361.34999pt x 361.36676pt.


LaTeX Warning: `!h' float specifier changed to `!ht'.


</Users/angeloduo/Desktop/masterarbeit/scRNAseq_clustering_comparison/results/p
lots/plot_f1_filtered_simDataKumar.pdf, id=2004, 433.62pt x 433.62pt>
File: /Users/angeloduo/Desktop/masterarbeit/scRNAseq_clustering_comparison/resu
lts/plots/plot_f1_filtered_simDataKumar.pdf Graphic file (type pdf)

<use /Users/angeloduo/Desktop/masterarbeit/scRNAseq_clustering_comparison/resul
ts/plots/plot_f1_filtered_simDataKumar.pdf>
Package pdftex.def Info: /Users/angeloduo/Desktop/masterarbeit/scRNAseq_cluster
ing_comparison/results/plots/plot_f1_filtered_simDataKumar.pdf used on input li
ne 744.
(pdftex.def)             Requested size: 361.34999pt x 361.36676pt.


LaTeX Warning: `!h' float specifier changed to `!ht'.


</Users/angeloduo/Desktop/masterarbeit/scRNAseq_clustering_comparison/results/p
lots/plot_f1_filtered_simDataKumar2.pdf, id=2005, 433.62pt x 433.62pt>
File: /Users/angeloduo/Desktop/masterarbeit/scRNAseq_clustering_comparison/resu
lts/plots/plot_f1_filtered_simDataKumar2.pdf Graphic file (type pdf)

<use /Users/angeloduo/Desktop/masterarbeit/scRNAseq_clustering_comparison/resul
ts/plots/plot_f1_filtered_simDataKumar2.pdf>
Package pdftex.def Info: /Users/angeloduo/Desktop/masterarbeit/scRNAseq_cluster
ing_comparison/results/plots/plot_f1_filtered_simDataKumar2.pdf used on input l
ine 750.
(pdftex.def)             Requested size: 361.34999pt x 361.36676pt.


LaTeX Warning: `!h' float specifier changed to `!ht'.


</Users/angeloduo/Desktop/masterarbeit/scRNAseq_clustering_comparison/results/p
lots/plot_ari_stars_all.pdf, id=2006, 505.89pt x 505.89pt>
File: /Users/angeloduo/Desktop/masterarbeit/scRNAseq_clustering_comparison/resu
lts/plots/plot_ari_stars_all.pdf Graphic file (type pdf)

<use /Users/angeloduo/Desktop/masterarbeit/scRNAseq_clustering_comparison/resul
ts/plots/plot_ari_stars_all.pdf>
Package pdftex.def Info: /Users/angeloduo/Desktop/masterarbeit/scRNAseq_cluster
ing_comparison/results/plots/plot_ari_stars_all.pdf used on input line 757.
(pdftex.def)             Requested size: 361.34999pt x 361.35352pt.


LaTeX Warning: `!h' float specifier changed to `!ht'.


</Users/angeloduo/Desktop/masterarbeit/scRNAseq_clustering_comparison/results/p
lots/runtimes.pdf, id=2007, 722.7pt x 289.08pt>
File: /Users/angeloduo/Desktop/masterarbeit/scRNAseq_clustering_comparison/resu
lts/plots/runtimes.pdf Graphic file (type pdf)

<use /Users/angeloduo/Desktop/masterarbeit/scRNAseq_clustering_comparison/resul
ts/plots/runtimes.pdf>
Package pdftex.def Info: /Users/angeloduo/Desktop/masterarbeit/scRNAseq_cluster
ing_comparison/results/plots/runtimes.pdf used on input line 764.
(pdftex.def)             Requested size: 361.34999pt x 144.53964pt.


LaTeX Warning: `!h' float specifier changed to `!ht'.


</Users/angeloduo/Desktop/masterarbeit/scRNAseq_clustering_comparison/results/p
lots/stability_boot.pdf, id=2008, 722.7pt x 289.08pt>
File: /Users/angeloduo/Desktop/masterarbeit/scRNAseq_clustering_comparison/resu
lts/plots/stability_boot.pdf Graphic file (type pdf)

<use /Users/angeloduo/Desktop/masterarbeit/scRNAseq_clustering_comparison/resul
ts/plots/stability_boot.pdf>
Package pdftex.def Info: /Users/angeloduo/Desktop/masterarbeit/scRNAseq_cluster
ing_comparison/results/plots/stability_boot.pdf used on input line 772.
(pdftex.def)             Requested size: 361.34999pt x 144.53964pt.


LaTeX Warning: `!h' float specifier changed to `!ht'.


</Users/angeloduo/Desktop/masterarbeit/scRNAseq_clustering_comparison/results/p
lots/plot_ari_unfiltered.pdf, id=2009, 482.80376pt x 286.06876pt>
File: /Users/angeloduo/Desktop/masterarbeit/scRNAseq_clustering_comparison/resu
lts/plots/plot_ari_unfiltered.pdf Graphic file (type pdf)

<use /Users/angeloduo/Desktop/masterarbeit/scRNAseq_clustering_comparison/resul
ts/plots/plot_ari_unfiltered.pdf>
Package pdftex.def Info: /Users/angeloduo/Desktop/masterarbeit/scRNAseq_cluster
ing_comparison/results/plots/plot_ari_unfiltered.pdf used on input line 779.
(pdftex.def)             Requested size: 361.34999pt x 214.11453pt.


LaTeX Warning: `!h' float specifier changed to `!ht'.


</Users/angeloduo/Desktop/masterarbeit/scRNAseq_clustering_comparison/results/p
lots/plot_ari_default.pdf, id=2010, 482.80376pt x 286.06876pt>
File: /Users/angeloduo/Desktop/masterarbeit/scRNAseq_clustering_comparison/resu
lts/plots/plot_ari_default.pdf Graphic file (type pdf)

<use /Users/angeloduo/Desktop/masterarbeit/scRNAseq_clustering_comparison/resul
ts/plots/plot_ari_default.pdf>
Package pdftex.def Info: /Users/angeloduo/Desktop/masterarbeit/scRNAseq_cluster
ing_comparison/results/plots/plot_ari_default.pdf used on input line 785.
(pdftex.def)             Requested size: 361.34999pt x 214.11453pt.


LaTeX Warning: `!h' float specifier changed to `!ht'.


</Users/angeloduo/Desktop/masterarbeit/scRNAseq_clustering_comparison/results/p
lots/plot_ari_filtered.pdf, id=2011, 482.80376pt x 286.06876pt>
File: /Users/angeloduo/Desktop/masterarbeit/scRNAseq_clustering_comparison/resu
lts/plots/plot_ari_filtered.pdf Graphic file (type pdf)

<use /Users/angeloduo/Desktop/masterarbeit/scRNAseq_clustering_comparison/resul
ts/plots/plot_ari_filtered.pdf>
Package pdftex.def Info: /Users/angeloduo/Desktop/masterarbeit/scRNAseq_cluster
ing_comparison/results/plots/plot_ari_filtered.pdf used on input line 791.
(pdftex.def)             Requested size: 361.34999pt x 214.11453pt.


LaTeX Warning: `!h' float specifier changed to `!ht'.


</Users/angeloduo/Desktop/masterarbeit/scRNAseq_clustering_comparison/results/p
lots/plot_ari_optimalk.pdf, id=2012, 452.69125pt x 286.06876pt>
File: /Users/angeloduo/Desktop/masterarbeit/scRNAseq_clustering_comparison/resu
lts/plots/plot_ari_optimalk.pdf Graphic file (type pdf)

<use /Users/angeloduo/Desktop/masterarbeit/scRNAseq_clustering_comparison/resul
ts/plots/plot_ari_optimalk.pdf>
Package pdftex.def Info: /Users/angeloduo/Desktop/masterarbeit/scRNAseq_cluster
ing_comparison/results/plots/plot_ari_optimalk.pdf used on input line 797.
(pdftex.def)             Requested size: 361.34999pt x 228.3446pt.


LaTeX Warning: `!h' float specifier changed to `!ht'.


</Users/angeloduo/Desktop/masterarbeit/scRNAseq_clustering_comparison/results/p
lots/plot_cluster_koh2016.pdf, id=2013, 1084.05pt x 722.7pt>
File: /Users/angeloduo/Desktop/masterarbeit/scRNAseq_clustering_comparison/resu
lts/plots/plot_cluster_koh2016.pdf Graphic file (type pdf)

<use /Users/angeloduo/Desktop/masterarbeit/scRNAseq_clustering_comparison/resul
ts/plots/plot_cluster_koh2016.pdf>
Package pdftex.def Info: /Users/angeloduo/Desktop/masterarbeit/scRNAseq_cluster
ing_comparison/results/plots/plot_cluster_koh2016.pdf used on input line 804.
(pdftex.def)             Requested size: 361.34999pt x 240.89572pt.


LaTeX Warning: `!h' float specifier changed to `!ht'.


</Users/angeloduo/Desktop/masterarbeit/scRNAseq_clustering_comparison/results/p
lots/plot_cluster_trapnell2014.pdf, id=2014, 1084.05pt x 722.7pt>
File: /Users/angeloduo/Desktop/masterarbeit/scRNAseq_clustering_comparison/resu
lts/plots/plot_cluster_trapnell2014.pdf Graphic file (type pdf)

<use /Users/angeloduo/Desktop/masterarbeit/scRNAseq_clustering_comparison/resul
ts/plots/plot_cluster_trapnell2014.pdf>
Package pdftex.def Info: /Users/angeloduo/Desktop/masterarbeit/scRNAseq_cluster
ing_comparison/results/plots/plot_cluster_trapnell2014.pdf used on input line 8
12.
(pdftex.def)             Requested size: 361.34999pt x 240.89572pt.


LaTeX Warning: `!h' float specifier changed to `!ht'.


Overfull \hbox (2.10274pt too wide) in paragraph at lines 820--862
 [][][] 
 []

[41

 </Users/angeloduo/Desktop/masterarbeit/scRNAseq_clustering_comparison/results/
plots/plot_ari_smooth.pdf> </Users/angeloduo/Desktop/masterarbeit/scRNAseq_clus
tering_comparison/results/plots/plot_f1_filtered_kumar2015.pdf>] [42]
[43 </Users/angeloduo/Desktop/masterarbeit/scRNAseq_clustering_comparison/resul
ts/plots/plot_f1_filtered_trapnell2014.pdf>] [44 </Users/angeloduo/Desktop/mast
erarbeit/scRNAseq_clustering_comparison/results/plots/plot_f1_filtered_koh2016.
pdf>] [45 </Users/angeloduo/Desktop/masterarbeit/scRNAseq_clustering_comparison
/results/plots/plot_f1_filtered_zhengmix2016.pdf>] [46 </Users/angeloduo/Deskto
p/masterarbeit/scRNAseq_clustering_comparison/results/plots/plot_f1_filtered_si
mDataKumar.pdf>] [47 </Users/angeloduo/Desktop/masterarbeit/scRNAseq_clustering
_comparison/results/plots/plot_f1_filtered_simDataKumar2.pdf>] [48 </Users/ange
loduo/Desktop/masterarbeit/scRNAseq_clustering_comparison/results/plots/plot_ar
i_stars_all.pdf> </Users/angeloduo/Desktop/masterarbeit/scRNAseq_clustering_com
parison/results/plots/runtimes.pdf>] [49 </Users/angeloduo/Desktop/masterarbeit
/scRNAseq_clustering_comparison/results/plots/stability_boot.pdf> </Users/angel
oduo/Desktop/masterarbeit/scRNAseq_clustering_comparison/results/plots/plot_ari
_unfiltered.pdf>] [50 </Users/angeloduo/Desktop/masterarbeit/scRNAseq_clusterin
g_comparison/results/plots/plot_ari_default.pdf> </Users/angeloduo/Desktop/mast
erarbeit/scRNAseq_clustering_comparison/results/plots/plot_ari_filtered.pdf>]
[51 </Users/angeloduo/Desktop/masterarbeit/scRNAseq_clustering_comparison/resul
ts/plots/plot_ari_optimalk.pdf> </Users/angeloduo/Desktop/masterarbeit/scRNAseq
_clustering_comparison/results/plots/plot_cluster_koh2016.pdf>] [52 </Users/ang
eloduo/Desktop/masterarbeit/scRNAseq_clustering_comparison/results/plots/plot_c
luster_trapnell2014.pdf>]
Overfull \hbox (193.65654pt too wide) in paragraph at lines 867--911
 [][] 
 []

LaTeX Font Info:    Font shape `OT1/cmtt/bx/n' in size <12> not available
(Font)              Font shape `OT1/cmtt/m/n' tried instead on input line 917.

Overfull \hbox (1.70612pt too wide) in paragraph at lines 917--917
[]\OT1/cmtt/m/n/12 ## Error in `align<-.xtable`(`*tmp*`, value = switch(1 + is.
null(align), :
 []

[53

]
Underfull \hbox (badness 10000) in paragraph at lines 926--926
[]\OT1/cmr/m/n/10 dimension
 []


Overfull \hbox (3.57921pt too wide) in paragraph at lines 926--926
[]\OT1/cmr/m/n/10 zero
 []


Underfull \hbox (badness 10000) in paragraph at lines 926--926
\OT1/cmr/m/n/10 in-
 []


Underfull \hbox (badness 10000) in paragraph at lines 926--926
\OT1/cmr/m/n/10 fla-
 []


Overfull \hbox (2.99591pt too wide) in paragraph at lines 926--926
\OT1/cmr/m/n/10 tion| 
 []


Overfull \hbox (42.95612pt too wide) in paragraph at lines 926--926
[]\OT1/cmr/m/n/10 normalization| 
 []


Overfull \hbox (39.73386pt too wide) in paragraph at lines 926--926
[]\OT1/cmr/m/n/10 unsupervised| 
 []


Underfull \hbox (badness 10000) in paragraph at lines 929--929
[]\OT1/cmr/m/n/10 kmeans,
 []


Underfull \hbox (badness 10000) in paragraph at lines 929--929
\OT1/cmr/m/n/10 hi-er-ar-chi-cal
 []


Underfull \hbox (badness 3746) in paragraph at lines 930--930
[]\OT1/cmr/m/n/10 PCA di-men-sion re-duc-tion or
 []


Underfull \hbox (badness 10000) in paragraph at lines 930--930
\OT1/cmr/m/n/10 Lapla-cian graph. Kmeans
 []


Underfull \hbox (badness 1859) in paragraph at lines 930--930
\OT1/cmr/m/n/10 clus-ter-ing on dif-fer-ent di-men-
 []


Underfull \hbox (badness 1502) in paragraph at lines 930--930
\OT1/cmr/m/n/10 con-sen-sus ma-trix ob-tained by
 []


Underfull \hbox (badness 10000) in paragraph at lines 930--930
[]\OT1/cmr/m/n/10 repeated
 []


Underfull \hbox (badness 10000) in paragraph at lines 930--930
\OT1/cmr/m/n/10 kmeans,
 []


Underfull \hbox (badness 10000) in paragraph at lines 930--930
\OT1/cmr/m/n/10 hi-er-ar-chi-cal
 []


Underfull \hbox (badness 10000) in paragraph at lines 930--930
\OT1/cmr/m/n/10 clus-ter-ing
 []


Underfull \hbox (badness 10000) in paragraph at lines 930--930
\OT1/cmr/m/n/10 on sim-i-lar-
 []


Underfull \hbox (badness 10000) in paragraph at lines 930--930
\OT1/cmr/m/n/10 ity ma-trix
 []


Underfull \hbox (badness 10000) in paragraph at lines 930--930
\OT1/cmr/m/n/10 of kmeans
 []


Underfull \hbox (badness 10000) in paragraph at lines 931--931
[]\OT1/cmr/m/n/10 merging of
 []


Underfull \hbox (badness 10000) in paragraph at lines 932--932
[]\OT1/cmr/m/n/10 density
 []


Underfull \hbox (badness 10000) in paragraph at lines 932--932
\OT1/cmr/m/n/10 based clus-
 []


Underfull \hbox (badness 10000) in paragraph at lines 934--934
[]\OT1/cmr/m/n/10 PCA on
 []


Underfull \hbox (badness 10000) in paragraph at lines 934--934
\OT1/cmr/m/n/10 im-puted
 []


Underfull \hbox (badness 10000) in paragraph at lines 934--934
[]\OT1/cmr/m/n/10 hierarchical
 []


Underfull \hbox (badness 10000) in paragraph at lines 935--935
[]\OT1/cmr/m/n/10 HVG and
 []


LaTeX Warning: `!h' float specifier changed to `!ht'.

[54] [55] [56] (./scRNAseq_clusteringv5.bbl [57

])
Package atveryend Info: Empty hook `BeforeClearDocument' on input line 958.
 [58]
Package atveryend Info: Empty hook `AfterLastShipout' on input line 958.

(./scRNAseq_clusteringv5.aux)
Package atveryend Info: Executing hook `AtVeryEndDocument' on input line 958.
Package atveryend Info: Executing hook `AtEndAfterFileList' on input line 958.
Package rerunfilecheck Info: File `scRNAseq_clusteringv5.out' has not changed.
(rerunfilecheck)             Checksum: 984657F329FD11E5F5B70C268677F2B1;1400.


LaTeX Warning: There were undefined references.


LaTeX Warning: There were multiply-defined labels.

Package atveryend Info: Empty hook `AtVeryVeryEnd' on input line 958.
 ) 
Here is how much of TeX's memory you used:
 9535 strings out of 493014
 158482 string characters out of 6133351
 357422 words of memory out of 5000000
 12708 multiletter control sequences out of 15000+600000
 12318 words of font info for 48 fonts, out of 8000000 for 9000
 1141 hyphenation exceptions out of 8191
 42i,12n,43p,1310b,473s stack positions out of 5000i,500n,10000p,200000b,80000s
</usr/local/texlive/2016/texmf-dist/fonts/type1/public/amsfonts/cm/cmbx12.pfb
></usr/local/texlive/2016/texmf-dist/fonts/type1/public/amsfonts/cm/cmex10.pfb>
</usr/local/texlive/2016/texmf-dist/fonts/type1/public/amsfonts/cm/cmmi12.pfb><
/usr/local/texlive/2016/texmf-dist/fonts/type1/public/amsfonts/cm/cmmi6.pfb></u
sr/local/texlive/2016/texmf-dist/fonts/type1/public/amsfonts/cm/cmmi8.pfb></usr
/local/texlive/2016/texmf-dist/fonts/type1/public/amsfonts/cm/cmr10.pfb></usr/l
ocal/texlive/2016/texmf-dist/fonts/type1/public/amsfonts/cm/cmr12.pfb></usr/loc
al/texlive/2016/texmf-dist/fonts/type1/public/amsfonts/cm/cmr8.pfb></usr/local/
texlive/2016/texmf-dist/fonts/type1/public/amsfonts/cm/cmsy10.pfb></usr/local/t
exlive/2016/texmf-dist/fonts/type1/public/amsfonts/cm/cmsy8.pfb></usr/local/tex
live/2016/texmf-dist/fonts/type1/public/amsfonts/cm/cmti12.pfb></usr/local/texl
ive/2016/texmf-dist/fonts/type1/public/amsfonts/cm/cmtt12.pfb>
Output written on scRNAseq_clusteringv5.pdf (59 pages, 12193362 bytes).
PDF statistics:
 2278 PDF objects out of 2487 (max. 8388607)
 1616 compressed objects within 17 object streams
 185 named destinations out of 1000 (max. 500000)
 366 words of extra memory for PDF output out of 10000 (max. 10000000)

